{"/Users/magdiel/localhost/animate-css-styled-components/src/BaseAnimation.js": {"path":"/Users/magdiel/localhost/animate-css-styled-components/src/BaseAnimation.js","statementMap":{"0":{"start":{"line":3,"column":22},"end":{"line":12,"column":1}},"1":{"start":{"line":4,"column":33},"end":{"line":4,"column":47}},"2":{"start":{"line":5,"column":40},"end":{"line":5,"column":60}},"3":{"start":{"line":6,"column":30},"end":{"line":6,"column":41}},"4":{"start":{"line":7,"column":40},"end":{"line":7,"column":60}},"5":{"start":{"line":8,"column":34},"end":{"line":8,"column":49}},"6":{"start":{"line":9,"column":34},"end":{"line":9,"column":48}},"7":{"start":{"line":10,"column":36},"end":{"line":10,"column":51}},"8":{"start":{"line":11,"column":22},"end":{"line":11,"column":35}},"9":{"start":{"line":14,"column":0},"end":{"line":23,"column":1}}},"fnMap":{"0":{"name":"(anonymous_0)","decl":{"start":{"line":4,"column":24},"end":{"line":4,"column":25}},"loc":{"start":{"line":4,"column":33},"end":{"line":4,"column":47}},"line":4},"1":{"name":"(anonymous_1)","decl":{"start":{"line":5,"column":31},"end":{"line":5,"column":32}},"loc":{"start":{"line":5,"column":40},"end":{"line":5,"column":60}},"line":5},"2":{"name":"(anonymous_2)","decl":{"start":{"line":6,"column":21},"end":{"line":6,"column":22}},"loc":{"start":{"line":6,"column":30},"end":{"line":6,"column":41}},"line":6},"3":{"name":"(anonymous_3)","decl":{"start":{"line":7,"column":31},"end":{"line":7,"column":32}},"loc":{"start":{"line":7,"column":40},"end":{"line":7,"column":60}},"line":7},"4":{"name":"(anonymous_4)","decl":{"start":{"line":8,"column":25},"end":{"line":8,"column":26}},"loc":{"start":{"line":8,"column":34},"end":{"line":8,"column":49}},"line":8},"5":{"name":"(anonymous_5)","decl":{"start":{"line":9,"column":25},"end":{"line":9,"column":26}},"loc":{"start":{"line":9,"column":34},"end":{"line":9,"column":48}},"line":9},"6":{"name":"(anonymous_6)","decl":{"start":{"line":10,"column":27},"end":{"line":10,"column":28}},"loc":{"start":{"line":10,"column":36},"end":{"line":10,"column":51}},"line":10},"7":{"name":"(anonymous_7)","decl":{"start":{"line":11,"column":13},"end":{"line":11,"column":14}},"loc":{"start":{"line":11,"column":22},"end":{"line":11,"column":35}},"line":11}},"branchMap":{},"s":{"0":1,"1":1,"2":1,"3":1,"4":1,"5":1,"6":1,"7":1,"8":1,"9":1},"f":{"0":1,"1":1,"2":1,"3":1,"4":1,"5":1,"6":1,"7":1},"b":{},"_coverageSchema":"332fd63041d2c1bcb487cc26dd0d5f7d97098a6c","hash":"2236cd1fd2e59f7bf4004e366b15fe870b97be9d"}
,"/Users/magdiel/localhost/animate-css-styled-components/src/index.js": {"path":"/Users/magdiel/localhost/animate-css-styled-components/src/index.js","statementMap":{"0":{"start":{"line":1,"column":13},"end":{"line":1,"column":75}},"1":{"start":{"line":1,"column":75},"end":{"line":1,"column":1728}},"2":{"start":{"line":1,"column":1749},"end":{"line":1,"column":1775}},"3":{"start":{"line":1,"column":1798},"end":{"line":1,"column":1836}},"4":{"start":{"line":2,"column":13},"end":{"line":2,"column":41}},"5":{"start":{"line":2,"column":56},"end":{"line":2,"column":86}},"6":{"start":{"line":3,"column":17},"end":{"line":3,"column":49}},"7":{"start":{"line":3,"column":68},"end":{"line":3,"column":102}},"8":{"start":{"line":4,"column":13},"end":{"line":4,"column":41}},"9":{"start":{"line":4,"column":56},"end":{"line":4,"column":86}},"10":{"start":{"line":5,"column":13},"end":{"line":5,"column":41}},"11":{"start":{"line":5,"column":56},"end":{"line":5,"column":86}},"12":{"start":{"line":6,"column":18},"end":{"line":6,"column":51}},"13":{"start":{"line":6,"column":71},"end":{"line":6,"column":106}},"14":{"start":{"line":7,"column":13},"end":{"line":7,"column":41}},"15":{"start":{"line":7,"column":56},"end":{"line":7,"column":86}},"16":{"start":{"line":8,"column":13},"end":{"line":8,"column":41}},"17":{"start":{"line":8,"column":56},"end":{"line":8,"column":86}},"18":{"start":{"line":9,"column":12},"end":{"line":9,"column":39}},"19":{"start":{"line":9,"column":53},"end":{"line":9,"column":82}},"20":{"start":{"line":10,"column":14},"end":{"line":10,"column":43}},"21":{"start":{"line":10,"column":59},"end":{"line":10,"column":90}},"22":{"start":{"line":12,"column":14},"end":{"line":12,"column":33}},"23":{"start":{"line":12,"column":49},"end":{"line":12,"column":80}},"24":{"start":{"line":13,"column":10},"end":{"line":13,"column":32}},"25":{"start":{"line":13,"column":44},"end":{"line":13,"column":71}},"26":{"start":{"line":14,"column":12},"end":{"line":14,"column":36}},"27":{"start":{"line":14,"column":50},"end":{"line":14,"column":79}},"28":{"start":{"line":15,"column":14},"end":{"line":15,"column":40}},"29":{"start":{"line":15,"column":56},"end":{"line":15,"column":87}},"30":{"start":{"line":16,"column":14},"end":{"line":16,"column":40}},"31":{"start":{"line":16,"column":56},"end":{"line":16,"column":87}},"32":{"start":{"line":17,"column":15},"end":{"line":17,"column":42}},"33":{"start":{"line":17,"column":59},"end":{"line":17,"column":91}},"34":{"start":{"line":19,"column":11},"end":{"line":19,"column":34}},"35":{"start":{"line":19,"column":47},"end":{"line":19,"column":75}},"36":{"start":{"line":20,"column":15},"end":{"line":20,"column":42}},"37":{"start":{"line":20,"column":59},"end":{"line":20,"column":91}},"38":{"start":{"line":21,"column":15},"end":{"line":21,"column":42}},"39":{"start":{"line":21,"column":59},"end":{"line":21,"column":91}},"40":{"start":{"line":22,"column":16},"end":{"line":22,"column":44}},"41":{"start":{"line":22,"column":62},"end":{"line":22,"column":95}},"42":{"start":{"line":23,"column":13},"end":{"line":23,"column":38}},"43":{"start":{"line":23,"column":53},"end":{"line":23,"column":83}},"44":{"start":{"line":25,"column":11},"end":{"line":25,"column":31}},"45":{"start":{"line":25,"column":43},"end":{"line":25,"column":71}},"46":{"start":{"line":26,"column":15},"end":{"line":26,"column":39}},"47":{"start":{"line":26,"column":55},"end":{"line":26,"column":87}},"48":{"start":{"line":27,"column":17},"end":{"line":27,"column":44}},"49":{"start":{"line":27,"column":63},"end":{"line":27,"column":97}},"50":{"start":{"line":28,"column":15},"end":{"line":28,"column":39}},"51":{"start":{"line":28,"column":55},"end":{"line":28,"column":87}},"52":{"start":{"line":29,"column":17},"end":{"line":29,"column":44}},"53":{"start":{"line":29,"column":63},"end":{"line":29,"column":97}},"54":{"start":{"line":30,"column":16},"end":{"line":30,"column":41}},"55":{"start":{"line":30,"column":58},"end":{"line":30,"column":91}},"56":{"start":{"line":31,"column":18},"end":{"line":31,"column":46}},"57":{"start":{"line":31,"column":66},"end":{"line":31,"column":101}},"58":{"start":{"line":32,"column":13},"end":{"line":32,"column":35}},"59":{"start":{"line":32,"column":49},"end":{"line":32,"column":79}},"60":{"start":{"line":33,"column":15},"end":{"line":33,"column":40}},"61":{"start":{"line":33,"column":57},"end":{"line":33,"column":89}},"62":{"start":{"line":35,"column":12},"end":{"line":35,"column":33}},"63":{"start":{"line":35,"column":46},"end":{"line":35,"column":75}},"64":{"start":{"line":36,"column":16},"end":{"line":36,"column":41}},"65":{"start":{"line":36,"column":58},"end":{"line":36,"column":91}},"66":{"start":{"line":37,"column":18},"end":{"line":37,"column":46}},"67":{"start":{"line":37,"column":66},"end":{"line":37,"column":101}},"68":{"start":{"line":38,"column":16},"end":{"line":38,"column":41}},"69":{"start":{"line":38,"column":58},"end":{"line":38,"column":91}},"70":{"start":{"line":39,"column":18},"end":{"line":39,"column":46}},"71":{"start":{"line":39,"column":66},"end":{"line":39,"column":101}},"72":{"start":{"line":40,"column":17},"end":{"line":40,"column":43}},"73":{"start":{"line":40,"column":61},"end":{"line":40,"column":95}},"74":{"start":{"line":41,"column":19},"end":{"line":41,"column":48}},"75":{"start":{"line":41,"column":69},"end":{"line":41,"column":105}},"76":{"start":{"line":42,"column":14},"end":{"line":42,"column":37}},"77":{"start":{"line":42,"column":52},"end":{"line":42,"column":83}},"78":{"start":{"line":43,"column":16},"end":{"line":43,"column":42}},"79":{"start":{"line":43,"column":60},"end":{"line":43,"column":93}},"80":{"start":{"line":45,"column":12},"end":{"line":45,"column":29}},"81":{"start":{"line":45,"column":43},"end":{"line":45,"column":72}},"82":{"start":{"line":46,"column":11},"end":{"line":46,"column":32}},"83":{"start":{"line":46,"column":45},"end":{"line":46,"column":73}},"84":{"start":{"line":47,"column":11},"end":{"line":47,"column":32}},"85":{"start":{"line":47,"column":45},"end":{"line":47,"column":73}},"86":{"start":{"line":48,"column":12},"end":{"line":48,"column":34}},"87":{"start":{"line":48,"column":48},"end":{"line":48,"column":77}},"88":{"start":{"line":49,"column":12},"end":{"line":49,"column":34}},"89":{"start":{"line":49,"column":48},"end":{"line":49,"column":77}},"90":{"start":{"line":51,"column":11},"end":{"line":51,"column":37}},"91":{"start":{"line":51,"column":49},"end":{"line":51,"column":77}},"92":{"start":{"line":52,"column":12},"end":{"line":52,"column":39}},"93":{"start":{"line":52,"column":52},"end":{"line":52,"column":81}},"94":{"start":{"line":54,"column":11},"end":{"line":54,"column":33}},"95":{"start":{"line":54,"column":45},"end":{"line":54,"column":73}},"96":{"start":{"line":55,"column":18},"end":{"line":55,"column":48}},"97":{"start":{"line":55,"column":68},"end":{"line":55,"column":103}},"98":{"start":{"line":56,"column":19},"end":{"line":56,"column":50}},"99":{"start":{"line":56,"column":71},"end":{"line":56,"column":107}},"100":{"start":{"line":57,"column":16},"end":{"line":57,"column":44}},"101":{"start":{"line":57,"column":62},"end":{"line":57,"column":95}},"102":{"start":{"line":58,"column":17},"end":{"line":58,"column":46}},"103":{"start":{"line":58,"column":65},"end":{"line":58,"column":99}},"104":{"start":{"line":60,"column":12},"end":{"line":60,"column":35}},"105":{"start":{"line":60,"column":48},"end":{"line":60,"column":77}},"106":{"start":{"line":61,"column":19},"end":{"line":61,"column":50}},"107":{"start":{"line":61,"column":71},"end":{"line":61,"column":107}},"108":{"start":{"line":62,"column":20},"end":{"line":62,"column":52}},"109":{"start":{"line":62,"column":74},"end":{"line":62,"column":111}},"110":{"start":{"line":63,"column":17},"end":{"line":63,"column":46}},"111":{"start":{"line":63,"column":65},"end":{"line":63,"column":99}},"112":{"start":{"line":64,"column":18},"end":{"line":64,"column":48}},"113":{"start":{"line":64,"column":68},"end":{"line":64,"column":103}},"114":{"start":{"line":66,"column":15},"end":{"line":66,"column":40}},"115":{"start":{"line":66,"column":56},"end":{"line":66,"column":88}},"116":{"start":{"line":67,"column":15},"end":{"line":67,"column":40}},"117":{"start":{"line":67,"column":56},"end":{"line":67,"column":88}},"118":{"start":{"line":68,"column":16},"end":{"line":68,"column":42}},"119":{"start":{"line":68,"column":59},"end":{"line":68,"column":92}},"120":{"start":{"line":69,"column":13},"end":{"line":69,"column":36}},"121":{"start":{"line":69,"column":50},"end":{"line":69,"column":80}},"122":{"start":{"line":71,"column":16},"end":{"line":71,"column":42}},"123":{"start":{"line":71,"column":59},"end":{"line":71,"column":92}},"124":{"start":{"line":72,"column":16},"end":{"line":72,"column":42}},"125":{"start":{"line":72,"column":59},"end":{"line":72,"column":92}},"126":{"start":{"line":73,"column":17},"end":{"line":73,"column":44}},"127":{"start":{"line":73,"column":62},"end":{"line":73,"column":96}},"128":{"start":{"line":74,"column":14},"end":{"line":74,"column":38}},"129":{"start":{"line":74,"column":53},"end":{"line":74,"column":84}},"130":{"start":{"line":76,"column":13},"end":{"line":76,"column":41}},"131":{"start":{"line":76,"column":56},"end":{"line":76,"column":86}},"132":{"start":{"line":77,"column":14},"end":{"line":77,"column":43}},"133":{"start":{"line":77,"column":59},"end":{"line":77,"column":90}},"134":{"start":{"line":78,"column":15},"end":{"line":78,"column":45}},"135":{"start":{"line":78,"column":62},"end":{"line":78,"column":94}},"136":{"start":{"line":80,"column":11},"end":{"line":80,"column":31}},"137":{"start":{"line":80,"column":44},"end":{"line":80,"column":72}},"138":{"start":{"line":81,"column":15},"end":{"line":81,"column":39}},"139":{"start":{"line":81,"column":55},"end":{"line":81,"column":87}},"140":{"start":{"line":82,"column":15},"end":{"line":82,"column":39}},"141":{"start":{"line":82,"column":55},"end":{"line":82,"column":87}},"142":{"start":{"line":83,"column":16},"end":{"line":83,"column":41}},"143":{"start":{"line":83,"column":58},"end":{"line":83,"column":91}},"144":{"start":{"line":84,"column":13},"end":{"line":84,"column":35}},"145":{"start":{"line":84,"column":49},"end":{"line":84,"column":79}},"146":{"start":{"line":86,"column":12},"end":{"line":86,"column":33}},"147":{"start":{"line":86,"column":47},"end":{"line":86,"column":76}},"148":{"start":{"line":87,"column":16},"end":{"line":87,"column":41}},"149":{"start":{"line":87,"column":58},"end":{"line":87,"column":91}},"150":{"start":{"line":88,"column":16},"end":{"line":88,"column":41}},"151":{"start":{"line":88,"column":58},"end":{"line":88,"column":91}},"152":{"start":{"line":89,"column":17},"end":{"line":89,"column":43}},"153":{"start":{"line":89,"column":61},"end":{"line":89,"column":95}},"154":{"start":{"line":90,"column":14},"end":{"line":90,"column":37}},"155":{"start":{"line":90,"column":52},"end":{"line":90,"column":83}},"156":{"start":{"line":90,"column":122},"end":{"line":90,"column":176}},"157":{"start":{"line":90,"column":177},"end":{"line":93,"column":26}},"158":{"start":{"line":93,"column":26},"end":{"line":94,"column":24}},"159":{"start":{"line":94,"column":24},"end":{"line":95,"column":32}},"160":{"start":{"line":95,"column":32},"end":{"line":96,"column":24}},"161":{"start":{"line":96,"column":24},"end":{"line":97,"column":24}},"162":{"start":{"line":97,"column":24},"end":{"line":98,"column":34}},"163":{"start":{"line":98,"column":34},"end":{"line":99,"column":24}},"164":{"start":{"line":99,"column":24},"end":{"line":100,"column":24}},"165":{"start":{"line":100,"column":24},"end":{"line":101,"column":22}},"166":{"start":{"line":101,"column":22},"end":{"line":102,"column":26}},"167":{"start":{"line":102,"column":26},"end":{"line":103,"column":24}},"168":{"start":{"line":103,"column":24},"end":{"line":104,"column":28}},"169":{"start":{"line":104,"column":28},"end":{"line":105,"column":32}},"170":{"start":{"line":105,"column":32},"end":{"line":106,"column":32}},"171":{"start":{"line":106,"column":32},"end":{"line":107,"column":34}},"172":{"start":{"line":107,"column":34},"end":{"line":108,"column":26}},"173":{"start":{"line":108,"column":26},"end":{"line":109,"column":34}},"174":{"start":{"line":109,"column":34},"end":{"line":110,"column":34}},"175":{"start":{"line":110,"column":34},"end":{"line":111,"column":36}},"176":{"start":{"line":111,"column":36},"end":{"line":112,"column":30}},"177":{"start":{"line":112,"column":30},"end":{"line":113,"column":22}},"178":{"start":{"line":113,"column":22},"end":{"line":114,"column":30}},"179":{"start":{"line":114,"column":30},"end":{"line":115,"column":36}},"180":{"start":{"line":115,"column":36},"end":{"line":116,"column":30}},"181":{"start":{"line":116,"column":30},"end":{"line":117,"column":36}},"182":{"start":{"line":117,"column":36},"end":{"line":118,"column":32}},"183":{"start":{"line":118,"column":32},"end":{"line":119,"column":38}},"184":{"start":{"line":119,"column":38},"end":{"line":120,"column":26}},"185":{"start":{"line":120,"column":26},"end":{"line":121,"column":32}},"186":{"start":{"line":121,"column":32},"end":{"line":122,"column":24}},"187":{"start":{"line":122,"column":24},"end":{"line":123,"column":32}},"188":{"start":{"line":123,"column":32},"end":{"line":124,"column":38}},"189":{"start":{"line":124,"column":38},"end":{"line":125,"column":32}},"190":{"start":{"line":125,"column":32},"end":{"line":126,"column":38}},"191":{"start":{"line":126,"column":38},"end":{"line":127,"column":34}},"192":{"start":{"line":127,"column":34},"end":{"line":128,"column":40}},"193":{"start":{"line":128,"column":40},"end":{"line":129,"column":28}},"194":{"start":{"line":129,"column":28},"end":{"line":130,"column":34}},"195":{"start":{"line":130,"column":34},"end":{"line":131,"column":22}},"196":{"start":{"line":131,"column":22},"end":{"line":132,"column":24}},"197":{"start":{"line":132,"column":24},"end":{"line":133,"column":24}},"198":{"start":{"line":133,"column":24},"end":{"line":134,"column":26}},"199":{"start":{"line":134,"column":26},"end":{"line":135,"column":26}},"200":{"start":{"line":135,"column":26},"end":{"line":136,"column":28}},"201":{"start":{"line":136,"column":28},"end":{"line":137,"column":30}},"202":{"start":{"line":137,"column":30},"end":{"line":138,"column":24}},"203":{"start":{"line":138,"column":24},"end":{"line":139,"column":40}},"204":{"start":{"line":139,"column":40},"end":{"line":140,"column":42}},"205":{"start":{"line":140,"column":42},"end":{"line":141,"column":36}},"206":{"start":{"line":141,"column":36},"end":{"line":142,"column":38}},"207":{"start":{"line":142,"column":38},"end":{"line":143,"column":26}},"208":{"start":{"line":143,"column":26},"end":{"line":144,"column":42}},"209":{"start":{"line":144,"column":42},"end":{"line":145,"column":44}},"210":{"start":{"line":145,"column":44},"end":{"line":146,"column":38}},"211":{"start":{"line":146,"column":38},"end":{"line":147,"column":40}},"212":{"start":{"line":147,"column":40},"end":{"line":148,"column":31}},"213":{"start":{"line":148,"column":31},"end":{"line":149,"column":31}},"214":{"start":{"line":149,"column":31},"end":{"line":150,"column":33}},"215":{"start":{"line":150,"column":33},"end":{"line":151,"column":27}},"216":{"start":{"line":151,"column":27},"end":{"line":152,"column":33}},"217":{"start":{"line":152,"column":33},"end":{"line":153,"column":33}},"218":{"start":{"line":153,"column":33},"end":{"line":154,"column":35}},"219":{"start":{"line":154,"column":35},"end":{"line":155,"column":29}},"220":{"start":{"line":155,"column":29},"end":{"line":156,"column":24}},"221":{"start":{"line":156,"column":24},"end":{"line":157,"column":26}},"222":{"start":{"line":157,"column":26},"end":{"line":158,"column":28}},"223":{"start":{"line":158,"column":28},"end":{"line":159,"column":23}},"224":{"start":{"line":159,"column":23},"end":{"line":160,"column":30}},"225":{"start":{"line":160,"column":30},"end":{"line":161,"column":30}},"226":{"start":{"line":161,"column":30},"end":{"line":162,"column":32}},"227":{"start":{"line":162,"column":32},"end":{"line":163,"column":26}},"228":{"start":{"line":163,"column":26},"end":{"line":164,"column":25}},"229":{"start":{"line":164,"column":25},"end":{"line":165,"column":32}},"230":{"start":{"line":165,"column":32},"end":{"line":166,"column":32}},"231":{"start":{"line":166,"column":32},"end":{"line":167,"column":34}},"232":{"start":{"line":167,"column":34},"end":{"line":168,"column":28}},"233":{"start":{"line":168,"column":28},"end":{"line":169,"column":40}}},"fnMap":{"0":{"name":"_interopRequireDefault","decl":{"start":{"line":90,"column":93},"end":{"line":90,"column":115}},"loc":{"start":{"line":90,"column":121},"end":{"line":90,"column":177}},"line":90}},"branchMap":{"0":{"loc":{"start":{"line":90,"column":129},"end":{"line":90,"column":175}},"type":"cond-expr","locations":[{"start":{"line":90,"column":153},"end":{"line":90,"column":156}},{"start":{"line":90,"column":159},"end":{"line":90,"column":175}}],"line":90},"1":{"loc":{"start":{"line":90,"column":129},"end":{"line":90,"column":150}},"type":"binary-expr","locations":[{"start":{"line":90,"column":129},"end":{"line":90,"column":132}},{"start":{"line":90,"column":136},"end":{"line":90,"column":150}}],"line":90}},"s":{"0":0,"1":0,"2":0,"3":0,"4":0,"5":0,"6":0,"7":0,"8":0,"9":0,"10":0,"11":0,"12":0,"13":0,"14":0,"15":0,"16":0,"17":0,"18":0,"19":0,"20":0,"21":0,"22":0,"23":0,"24":0,"25":0,"26":0,"27":0,"28":0,"29":0,"30":0,"31":0,"32":0,"33":0,"34":0,"35":0,"36":0,"37":0,"38":0,"39":0,"40":0,"41":0,"42":0,"43":0,"44":0,"45":0,"46":0,"47":0,"48":0,"49":0,"50":0,"51":0,"52":0,"53":0,"54":0,"55":0,"56":0,"57":0,"58":0,"59":0,"60":0,"61":0,"62":0,"63":0,"64":0,"65":0,"66":0,"67":0,"68":0,"69":0,"70":0,"71":0,"72":0,"73":0,"74":0,"75":0,"76":0,"77":0,"78":0,"79":0,"80":0,"81":0,"82":0,"83":0,"84":0,"85":0,"86":0,"87":0,"88":0,"89":0,"90":0,"91":0,"92":0,"93":0,"94":0,"95":0,"96":0,"97":0,"98":0,"99":0,"100":0,"101":0,"102":0,"103":0,"104":0,"105":0,"106":0,"107":0,"108":0,"109":0,"110":0,"111":0,"112":0,"113":0,"114":0,"115":0,"116":0,"117":0,"118":0,"119":0,"120":0,"121":0,"122":0,"123":0,"124":0,"125":0,"126":0,"127":0,"128":0,"129":0,"130":0,"131":0,"132":0,"133":0,"134":0,"135":0,"136":0,"137":0,"138":0,"139":0,"140":0,"141":0,"142":0,"143":0,"144":0,"145":0,"146":0,"147":0,"148":0,"149":0,"150":0,"151":0,"152":0,"153":0,"154":0,"155":0,"156":0,"157":0,"158":0,"159":0,"160":0,"161":0,"162":0,"163":0,"164":0,"165":0,"166":0,"167":0,"168":0,"169":0,"170":0,"171":0,"172":0,"173":0,"174":0,"175":0,"176":0,"177":0,"178":0,"179":0,"180":0,"181":0,"182":0,"183":0,"184":0,"185":0,"186":0,"187":0,"188":0,"189":0,"190":0,"191":0,"192":0,"193":0,"194":0,"195":0,"196":0,"197":0,"198":0,"199":0,"200":0,"201":0,"202":0,"203":0,"204":0,"205":0,"206":0,"207":0,"208":0,"209":0,"210":0,"211":0,"212":0,"213":0,"214":0,"215":0,"216":0,"217":0,"218":0,"219":0,"220":0,"221":0,"222":0,"223":0,"224":0,"225":0,"226":0,"227":0,"228":0,"229":0,"230":0,"231":0,"232":0,"233":0},"f":{"0":0},"b":{"0":[0,0],"1":[0,0]}}
,"/Users/magdiel/localhost/animate-css-styled-components/src/Attention/Flash.js": {"path":"/Users/magdiel/localhost/animate-css-styled-components/src/Attention/Flash.js","statementMap":{"0":{"start":{"line":1,"column":13},"end":{"line":1,"column":75}},"1":{"start":{"line":1,"column":97},"end":{"line":1,"column":303}},"2":{"start":{"line":1,"column":323},"end":{"line":1,"column":411}},"3":{"start":{"line":1,"column":436},"end":{"line":1,"column":464}},"4":{"start":{"line":1,"column":490},"end":{"line":1,"column":531}},"5":{"start":{"line":2,"column":21},"end":{"line":2,"column":48}},"6":{"start":{"line":2,"column":71},"end":{"line":2,"column":109}},"7":{"start":{"line":2,"column":148},"end":{"line":2,"column":202}},"8":{"start":{"line":2,"column":250},"end":{"line":2,"column":345}},"9":{"start":{"line":4,"column":21},"end":{"line":4,"column":70}},"10":{"start":{"line":14,"column":12},"end":{"line":15,"column":15}},"11":{"start":{"line":15,"column":16},"end":{"line":18,"column":6}}},"fnMap":{"0":{"name":"_interopRequireDefault","decl":{"start":{"line":2,"column":119},"end":{"line":2,"column":141}},"loc":{"start":{"line":2,"column":147},"end":{"line":2,"column":203}},"line":2},"1":{"name":"_taggedTemplateLiteral","decl":{"start":{"line":2,"column":212},"end":{"line":2,"column":234}},"loc":{"start":{"line":2,"column":249},"end":{"line":2,"column":346}},"line":2}},"branchMap":{"0":{"loc":{"start":{"line":2,"column":155},"end":{"line":2,"column":201}},"type":"cond-expr","locations":[{"start":{"line":2,"column":179},"end":{"line":2,"column":182}},{"start":{"line":2,"column":185},"end":{"line":2,"column":201}}],"line":2},"1":{"loc":{"start":{"line":2,"column":155},"end":{"line":2,"column":176}},"type":"binary-expr","locations":[{"start":{"line":2,"column":155},"end":{"line":2,"column":158}},{"start":{"line":2,"column":162},"end":{"line":2,"column":176}}],"line":2}},"s":{"0":0,"1":0,"2":0,"3":0,"4":0,"5":0,"6":0,"7":0,"8":0,"9":0,"10":0,"11":0},"f":{"0":0,"1":0},"b":{"0":[0,0],"1":[0,0]}}
,"/Users/magdiel/localhost/animate-css-styled-components/src/Attention/HeadShake.js": {"path":"/Users/magdiel/localhost/animate-css-styled-components/src/Attention/HeadShake.js","statementMap":{"0":{"start":{"line":1,"column":13},"end":{"line":1,"column":75}},"1":{"start":{"line":1,"column":97},"end":{"line":1,"column":877}},"2":{"start":{"line":1,"column":897},"end":{"line":1,"column":1071}},"3":{"start":{"line":1,"column":1096},"end":{"line":1,"column":1124}},"4":{"start":{"line":1,"column":1150},"end":{"line":1,"column":1191}},"5":{"start":{"line":2,"column":21},"end":{"line":2,"column":48}},"6":{"start":{"line":2,"column":71},"end":{"line":2,"column":109}},"7":{"start":{"line":2,"column":148},"end":{"line":2,"column":202}},"8":{"start":{"line":2,"column":250},"end":{"line":2,"column":345}},"9":{"start":{"line":4,"column":25},"end":{"line":4,"column":74}},"10":{"start":{"line":30,"column":16},"end":{"line":31,"column":19}},"11":{"start":{"line":31,"column":20},"end":{"line":35,"column":10}}},"fnMap":{"0":{"name":"_interopRequireDefault","decl":{"start":{"line":2,"column":119},"end":{"line":2,"column":141}},"loc":{"start":{"line":2,"column":147},"end":{"line":2,"column":203}},"line":2},"1":{"name":"_taggedTemplateLiteral","decl":{"start":{"line":2,"column":212},"end":{"line":2,"column":234}},"loc":{"start":{"line":2,"column":249},"end":{"line":2,"column":346}},"line":2}},"branchMap":{"0":{"loc":{"start":{"line":2,"column":155},"end":{"line":2,"column":201}},"type":"cond-expr","locations":[{"start":{"line":2,"column":179},"end":{"line":2,"column":182}},{"start":{"line":2,"column":185},"end":{"line":2,"column":201}}],"line":2},"1":{"loc":{"start":{"line":2,"column":155},"end":{"line":2,"column":176}},"type":"binary-expr","locations":[{"start":{"line":2,"column":155},"end":{"line":2,"column":158}},{"start":{"line":2,"column":162},"end":{"line":2,"column":176}}],"line":2}},"s":{"0":0,"1":0,"2":0,"3":0,"4":0,"5":0,"6":0,"7":0,"8":0,"9":0,"10":0,"11":0},"f":{"0":0,"1":0},"b":{"0":[0,0],"1":[0,0]}}
,"/Users/magdiel/localhost/animate-css-styled-components/src/Attention/Jello.js": {"path":"/Users/magdiel/localhost/animate-css-styled-components/src/Attention/Jello.js","statementMap":{"0":{"start":{"line":1,"column":13},"end":{"line":1,"column":75}},"1":{"start":{"line":1,"column":97},"end":{"line":1,"column":1263}},"2":{"start":{"line":1,"column":1283},"end":{"line":1,"column":1429}},"3":{"start":{"line":1,"column":1454},"end":{"line":1,"column":1482}},"4":{"start":{"line":1,"column":1508},"end":{"line":1,"column":1549}},"5":{"start":{"line":2,"column":21},"end":{"line":2,"column":48}},"6":{"start":{"line":2,"column":71},"end":{"line":2,"column":109}},"7":{"start":{"line":2,"column":148},"end":{"line":2,"column":202}},"8":{"start":{"line":2,"column":250},"end":{"line":2,"column":345}},"9":{"start":{"line":4,"column":21},"end":{"line":4,"column":70}},"10":{"start":{"line":38,"column":12},"end":{"line":39,"column":15}},"11":{"start":{"line":39,"column":16},"end":{"line":43,"column":6}}},"fnMap":{"0":{"name":"_interopRequireDefault","decl":{"start":{"line":2,"column":119},"end":{"line":2,"column":141}},"loc":{"start":{"line":2,"column":147},"end":{"line":2,"column":203}},"line":2},"1":{"name":"_taggedTemplateLiteral","decl":{"start":{"line":2,"column":212},"end":{"line":2,"column":234}},"loc":{"start":{"line":2,"column":249},"end":{"line":2,"column":346}},"line":2}},"branchMap":{"0":{"loc":{"start":{"line":2,"column":155},"end":{"line":2,"column":201}},"type":"cond-expr","locations":[{"start":{"line":2,"column":179},"end":{"line":2,"column":182}},{"start":{"line":2,"column":185},"end":{"line":2,"column":201}}],"line":2},"1":{"loc":{"start":{"line":2,"column":155},"end":{"line":2,"column":176}},"type":"binary-expr","locations":[{"start":{"line":2,"column":155},"end":{"line":2,"column":158}},{"start":{"line":2,"column":162},"end":{"line":2,"column":176}}],"line":2}},"s":{"0":0,"1":0,"2":0,"3":0,"4":0,"5":0,"6":0,"7":0,"8":0,"9":0,"10":0,"11":0},"f":{"0":0,"1":0},"b":{"0":[0,0],"1":[0,0]}}
,"/Users/magdiel/localhost/animate-css-styled-components/src/Attention/Pulse.js": {"path":"/Users/magdiel/localhost/animate-css-styled-components/src/Attention/Pulse.js","statementMap":{"0":{"start":{"line":1,"column":13},"end":{"line":1,"column":75}},"1":{"start":{"line":1,"column":97},"end":{"line":1,"column":449}},"2":{"start":{"line":1,"column":469},"end":{"line":1,"column":557}},"3":{"start":{"line":1,"column":582},"end":{"line":1,"column":610}},"4":{"start":{"line":1,"column":636},"end":{"line":1,"column":677}},"5":{"start":{"line":2,"column":21},"end":{"line":2,"column":48}},"6":{"start":{"line":2,"column":71},"end":{"line":2,"column":109}},"7":{"start":{"line":2,"column":148},"end":{"line":2,"column":202}},"8":{"start":{"line":2,"column":250},"end":{"line":2,"column":345}},"9":{"start":{"line":4,"column":21},"end":{"line":4,"column":70}},"10":{"start":{"line":18,"column":12},"end":{"line":19,"column":15}},"11":{"start":{"line":19,"column":16},"end":{"line":22,"column":6}}},"fnMap":{"0":{"name":"_interopRequireDefault","decl":{"start":{"line":2,"column":119},"end":{"line":2,"column":141}},"loc":{"start":{"line":2,"column":147},"end":{"line":2,"column":203}},"line":2},"1":{"name":"_taggedTemplateLiteral","decl":{"start":{"line":2,"column":212},"end":{"line":2,"column":234}},"loc":{"start":{"line":2,"column":249},"end":{"line":2,"column":346}},"line":2}},"branchMap":{"0":{"loc":{"start":{"line":2,"column":155},"end":{"line":2,"column":201}},"type":"cond-expr","locations":[{"start":{"line":2,"column":179},"end":{"line":2,"column":182}},{"start":{"line":2,"column":185},"end":{"line":2,"column":201}}],"line":2},"1":{"loc":{"start":{"line":2,"column":155},"end":{"line":2,"column":176}},"type":"binary-expr","locations":[{"start":{"line":2,"column":155},"end":{"line":2,"column":158}},{"start":{"line":2,"column":162},"end":{"line":2,"column":176}}],"line":2}},"s":{"0":0,"1":0,"2":0,"3":0,"4":0,"5":0,"6":0,"7":0,"8":0,"9":0,"10":0,"11":0},"f":{"0":0,"1":0},"b":{"0":[0,0],"1":[0,0]}}
,"/Users/magdiel/localhost/animate-css-styled-components/src/Attention/RubberBand.js": {"path":"/Users/magdiel/localhost/animate-css-styled-components/src/Attention/RubberBand.js","statementMap":{"0":{"start":{"line":1,"column":13},"end":{"line":1,"column":75}},"1":{"start":{"line":1,"column":97},"end":{"line":1,"column":967}},"2":{"start":{"line":1,"column":987},"end":{"line":1,"column":1075}},"3":{"start":{"line":1,"column":1100},"end":{"line":1,"column":1128}},"4":{"start":{"line":1,"column":1154},"end":{"line":1,"column":1195}},"5":{"start":{"line":2,"column":21},"end":{"line":2,"column":48}},"6":{"start":{"line":2,"column":71},"end":{"line":2,"column":109}},"7":{"start":{"line":2,"column":148},"end":{"line":2,"column":202}},"8":{"start":{"line":2,"column":250},"end":{"line":2,"column":345}},"9":{"start":{"line":4,"column":26},"end":{"line":4,"column":75}},"10":{"start":{"line":34,"column":17},"end":{"line":35,"column":20}},"11":{"start":{"line":35,"column":21},"end":{"line":38,"column":11}}},"fnMap":{"0":{"name":"_interopRequireDefault","decl":{"start":{"line":2,"column":119},"end":{"line":2,"column":141}},"loc":{"start":{"line":2,"column":147},"end":{"line":2,"column":203}},"line":2},"1":{"name":"_taggedTemplateLiteral","decl":{"start":{"line":2,"column":212},"end":{"line":2,"column":234}},"loc":{"start":{"line":2,"column":249},"end":{"line":2,"column":346}},"line":2}},"branchMap":{"0":{"loc":{"start":{"line":2,"column":155},"end":{"line":2,"column":201}},"type":"cond-expr","locations":[{"start":{"line":2,"column":179},"end":{"line":2,"column":182}},{"start":{"line":2,"column":185},"end":{"line":2,"column":201}}],"line":2},"1":{"loc":{"start":{"line":2,"column":155},"end":{"line":2,"column":176}},"type":"binary-expr","locations":[{"start":{"line":2,"column":155},"end":{"line":2,"column":158}},{"start":{"line":2,"column":162},"end":{"line":2,"column":176}}],"line":2}},"s":{"0":0,"1":0,"2":0,"3":0,"4":0,"5":0,"6":0,"7":0,"8":0,"9":0,"10":0,"11":0},"f":{"0":0,"1":0},"b":{"0":[0,0],"1":[0,0]}}
,"/Users/magdiel/localhost/animate-css-styled-components/src/Attention/Shake.js": {"path":"/Users/magdiel/localhost/animate-css-styled-components/src/Attention/Shake.js","statementMap":{"0":{"start":{"line":1,"column":13},"end":{"line":1,"column":75}},"1":{"start":{"line":1,"column":97},"end":{"line":1,"column":543}},"2":{"start":{"line":1,"column":563},"end":{"line":1,"column":651}},"3":{"start":{"line":1,"column":676},"end":{"line":1,"column":704}},"4":{"start":{"line":1,"column":730},"end":{"line":1,"column":771}},"5":{"start":{"line":2,"column":21},"end":{"line":2,"column":48}},"6":{"start":{"line":2,"column":71},"end":{"line":2,"column":109}},"7":{"start":{"line":2,"column":148},"end":{"line":2,"column":202}},"8":{"start":{"line":2,"column":250},"end":{"line":2,"column":345}},"9":{"start":{"line":4,"column":21},"end":{"line":4,"column":70}},"10":{"start":{"line":18,"column":12},"end":{"line":19,"column":15}},"11":{"start":{"line":19,"column":16},"end":{"line":22,"column":6}}},"fnMap":{"0":{"name":"_interopRequireDefault","decl":{"start":{"line":2,"column":119},"end":{"line":2,"column":141}},"loc":{"start":{"line":2,"column":147},"end":{"line":2,"column":203}},"line":2},"1":{"name":"_taggedTemplateLiteral","decl":{"start":{"line":2,"column":212},"end":{"line":2,"column":234}},"loc":{"start":{"line":2,"column":249},"end":{"line":2,"column":346}},"line":2}},"branchMap":{"0":{"loc":{"start":{"line":2,"column":155},"end":{"line":2,"column":201}},"type":"cond-expr","locations":[{"start":{"line":2,"column":179},"end":{"line":2,"column":182}},{"start":{"line":2,"column":185},"end":{"line":2,"column":201}}],"line":2},"1":{"loc":{"start":{"line":2,"column":155},"end":{"line":2,"column":176}},"type":"binary-expr","locations":[{"start":{"line":2,"column":155},"end":{"line":2,"column":158}},{"start":{"line":2,"column":162},"end":{"line":2,"column":176}}],"line":2}},"s":{"0":0,"1":0,"2":0,"3":0,"4":0,"5":0,"6":0,"7":0,"8":0,"9":0,"10":0,"11":0},"f":{"0":0,"1":0},"b":{"0":[0,0],"1":[0,0]}}
,"/Users/magdiel/localhost/animate-css-styled-components/src/Attention/Swing.js": {"path":"/Users/magdiel/localhost/animate-css-styled-components/src/Attention/Swing.js","statementMap":{"0":{"start":{"line":1,"column":13},"end":{"line":1,"column":75}},"1":{"start":{"line":1,"column":97},"end":{"line":1,"column":707}},"2":{"start":{"line":1,"column":727},"end":{"line":1,"column":881}},"3":{"start":{"line":1,"column":906},"end":{"line":1,"column":934}},"4":{"start":{"line":1,"column":960},"end":{"line":1,"column":1001}},"5":{"start":{"line":2,"column":21},"end":{"line":2,"column":48}},"6":{"start":{"line":2,"column":71},"end":{"line":2,"column":109}},"7":{"start":{"line":2,"column":148},"end":{"line":2,"column":202}},"8":{"start":{"line":2,"column":250},"end":{"line":2,"column":345}},"9":{"start":{"line":4,"column":21},"end":{"line":4,"column":70}},"10":{"start":{"line":26,"column":12},"end":{"line":27,"column":15}},"11":{"start":{"line":27,"column":16},"end":{"line":31,"column":6}}},"fnMap":{"0":{"name":"_interopRequireDefault","decl":{"start":{"line":2,"column":119},"end":{"line":2,"column":141}},"loc":{"start":{"line":2,"column":147},"end":{"line":2,"column":203}},"line":2},"1":{"name":"_taggedTemplateLiteral","decl":{"start":{"line":2,"column":212},"end":{"line":2,"column":234}},"loc":{"start":{"line":2,"column":249},"end":{"line":2,"column":346}},"line":2}},"branchMap":{"0":{"loc":{"start":{"line":2,"column":155},"end":{"line":2,"column":201}},"type":"cond-expr","locations":[{"start":{"line":2,"column":179},"end":{"line":2,"column":182}},{"start":{"line":2,"column":185},"end":{"line":2,"column":201}}],"line":2},"1":{"loc":{"start":{"line":2,"column":155},"end":{"line":2,"column":176}},"type":"binary-expr","locations":[{"start":{"line":2,"column":155},"end":{"line":2,"column":158}},{"start":{"line":2,"column":162},"end":{"line":2,"column":176}}],"line":2}},"s":{"0":0,"1":0,"2":0,"3":0,"4":0,"5":0,"6":0,"7":0,"8":0,"9":0,"10":0,"11":0},"f":{"0":0,"1":0},"b":{"0":[0,0],"1":[0,0]}}
,"/Users/magdiel/localhost/animate-css-styled-components/src/Attention/Tada.js": {"path":"/Users/magdiel/localhost/animate-css-styled-components/src/Attention/Tada.js","statementMap":{"0":{"start":{"line":1,"column":13},"end":{"line":1,"column":75}},"1":{"start":{"line":1,"column":97},"end":{"line":1,"column":869}},"2":{"start":{"line":1,"column":889},"end":{"line":1,"column":977}},"3":{"start":{"line":1,"column":1002},"end":{"line":1,"column":1030}},"4":{"start":{"line":1,"column":1056},"end":{"line":1,"column":1097}},"5":{"start":{"line":2,"column":21},"end":{"line":2,"column":48}},"6":{"start":{"line":2,"column":71},"end":{"line":2,"column":109}},"7":{"start":{"line":2,"column":148},"end":{"line":2,"column":202}},"8":{"start":{"line":2,"column":250},"end":{"line":2,"column":345}},"9":{"start":{"line":4,"column":20},"end":{"line":4,"column":69}},"10":{"start":{"line":26,"column":11},"end":{"line":27,"column":14}},"11":{"start":{"line":27,"column":15},"end":{"line":30,"column":5}}},"fnMap":{"0":{"name":"_interopRequireDefault","decl":{"start":{"line":2,"column":119},"end":{"line":2,"column":141}},"loc":{"start":{"line":2,"column":147},"end":{"line":2,"column":203}},"line":2},"1":{"name":"_taggedTemplateLiteral","decl":{"start":{"line":2,"column":212},"end":{"line":2,"column":234}},"loc":{"start":{"line":2,"column":249},"end":{"line":2,"column":346}},"line":2}},"branchMap":{"0":{"loc":{"start":{"line":2,"column":155},"end":{"line":2,"column":201}},"type":"cond-expr","locations":[{"start":{"line":2,"column":179},"end":{"line":2,"column":182}},{"start":{"line":2,"column":185},"end":{"line":2,"column":201}}],"line":2},"1":{"loc":{"start":{"line":2,"column":155},"end":{"line":2,"column":176}},"type":"binary-expr","locations":[{"start":{"line":2,"column":155},"end":{"line":2,"column":158}},{"start":{"line":2,"column":162},"end":{"line":2,"column":176}}],"line":2}},"s":{"0":0,"1":0,"2":0,"3":0,"4":0,"5":0,"6":0,"7":0,"8":0,"9":0,"10":0,"11":0},"f":{"0":0,"1":0},"b":{"0":[0,0],"1":[0,0]}}
,"/Users/magdiel/localhost/animate-css-styled-components/src/Attention/Wobble.js": {"path":"/Users/magdiel/localhost/animate-css-styled-components/src/Attention/Wobble.js","statementMap":{"0":{"start":{"line":1,"column":13},"end":{"line":1,"column":75}},"1":{"start":{"line":1,"column":97},"end":{"line":1,"column":1093}},"2":{"start":{"line":1,"column":1113},"end":{"line":1,"column":1201}},"3":{"start":{"line":1,"column":1226},"end":{"line":1,"column":1254}},"4":{"start":{"line":1,"column":1280},"end":{"line":1,"column":1321}},"5":{"start":{"line":2,"column":21},"end":{"line":2,"column":48}},"6":{"start":{"line":2,"column":71},"end":{"line":2,"column":109}},"7":{"start":{"line":2,"column":148},"end":{"line":2,"column":202}},"8":{"start":{"line":2,"column":250},"end":{"line":2,"column":345}},"9":{"start":{"line":4,"column":22},"end":{"line":4,"column":71}},"10":{"start":{"line":34,"column":13},"end":{"line":35,"column":16}},"11":{"start":{"line":35,"column":17},"end":{"line":38,"column":7}}},"fnMap":{"0":{"name":"_interopRequireDefault","decl":{"start":{"line":2,"column":119},"end":{"line":2,"column":141}},"loc":{"start":{"line":2,"column":147},"end":{"line":2,"column":203}},"line":2},"1":{"name":"_taggedTemplateLiteral","decl":{"start":{"line":2,"column":212},"end":{"line":2,"column":234}},"loc":{"start":{"line":2,"column":249},"end":{"line":2,"column":346}},"line":2}},"branchMap":{"0":{"loc":{"start":{"line":2,"column":155},"end":{"line":2,"column":201}},"type":"cond-expr","locations":[{"start":{"line":2,"column":179},"end":{"line":2,"column":182}},{"start":{"line":2,"column":185},"end":{"line":2,"column":201}}],"line":2},"1":{"loc":{"start":{"line":2,"column":155},"end":{"line":2,"column":176}},"type":"binary-expr","locations":[{"start":{"line":2,"column":155},"end":{"line":2,"column":158}},{"start":{"line":2,"column":162},"end":{"line":2,"column":176}}],"line":2}},"s":{"0":0,"1":0,"2":0,"3":0,"4":0,"5":0,"6":0,"7":0,"8":0,"9":0,"10":0,"11":0},"f":{"0":0,"1":0},"b":{"0":[0,0],"1":[0,0]}}
,"/Users/magdiel/localhost/animate-css-styled-components/src/Bounce/In.js": {"path":"/Users/magdiel/localhost/animate-css-styled-components/src/Bounce/In.js","statementMap":{"0":{"start":{"line":1,"column":13},"end":{"line":1,"column":75}},"1":{"start":{"line":1,"column":97},"end":{"line":1,"column":1113}},"2":{"start":{"line":1,"column":1133},"end":{"line":1,"column":1221}},"3":{"start":{"line":1,"column":1246},"end":{"line":1,"column":1274}},"4":{"start":{"line":1,"column":1300},"end":{"line":1,"column":1341}},"5":{"start":{"line":2,"column":21},"end":{"line":2,"column":48}},"6":{"start":{"line":2,"column":71},"end":{"line":2,"column":109}},"7":{"start":{"line":2,"column":148},"end":{"line":2,"column":202}},"8":{"start":{"line":2,"column":250},"end":{"line":2,"column":345}},"9":{"start":{"line":4,"column":24},"end":{"line":4,"column":73}},"10":{"start":{"line":37,"column":15},"end":{"line":38,"column":18}},"11":{"start":{"line":38,"column":19},"end":{"line":41,"column":9}}},"fnMap":{"0":{"name":"_interopRequireDefault","decl":{"start":{"line":2,"column":119},"end":{"line":2,"column":141}},"loc":{"start":{"line":2,"column":147},"end":{"line":2,"column":203}},"line":2},"1":{"name":"_taggedTemplateLiteral","decl":{"start":{"line":2,"column":212},"end":{"line":2,"column":234}},"loc":{"start":{"line":2,"column":249},"end":{"line":2,"column":346}},"line":2}},"branchMap":{"0":{"loc":{"start":{"line":2,"column":155},"end":{"line":2,"column":201}},"type":"cond-expr","locations":[{"start":{"line":2,"column":179},"end":{"line":2,"column":182}},{"start":{"line":2,"column":185},"end":{"line":2,"column":201}}],"line":2},"1":{"loc":{"start":{"line":2,"column":155},"end":{"line":2,"column":176}},"type":"binary-expr","locations":[{"start":{"line":2,"column":155},"end":{"line":2,"column":158}},{"start":{"line":2,"column":162},"end":{"line":2,"column":176}}],"line":2}},"s":{"0":0,"1":0,"2":0,"3":0,"4":0,"5":0,"6":0,"7":0,"8":0,"9":0,"10":0,"11":0},"f":{"0":0,"1":0},"b":{"0":[0,0],"1":[0,0]}}
,"/Users/magdiel/localhost/animate-css-styled-components/src/Bounce/InDown.js": {"path":"/Users/magdiel/localhost/animate-css-styled-components/src/Bounce/InDown.js","statementMap":{"0":{"start":{"line":1,"column":13},"end":{"line":1,"column":75}},"1":{"start":{"line":1,"column":97},"end":{"line":1,"column":953}},"2":{"start":{"line":1,"column":973},"end":{"line":1,"column":1061}},"3":{"start":{"line":1,"column":1086},"end":{"line":1,"column":1114}},"4":{"start":{"line":1,"column":1140},"end":{"line":1,"column":1181}},"5":{"start":{"line":2,"column":21},"end":{"line":2,"column":48}},"6":{"start":{"line":2,"column":71},"end":{"line":2,"column":109}},"7":{"start":{"line":2,"column":148},"end":{"line":2,"column":202}},"8":{"start":{"line":2,"column":250},"end":{"line":2,"column":345}},"9":{"start":{"line":4,"column":28},"end":{"line":4,"column":77}},"10":{"start":{"line":32,"column":19},"end":{"line":33,"column":22}},"11":{"start":{"line":33,"column":23},"end":{"line":36,"column":13}}},"fnMap":{"0":{"name":"_interopRequireDefault","decl":{"start":{"line":2,"column":119},"end":{"line":2,"column":141}},"loc":{"start":{"line":2,"column":147},"end":{"line":2,"column":203}},"line":2},"1":{"name":"_taggedTemplateLiteral","decl":{"start":{"line":2,"column":212},"end":{"line":2,"column":234}},"loc":{"start":{"line":2,"column":249},"end":{"line":2,"column":346}},"line":2}},"branchMap":{"0":{"loc":{"start":{"line":2,"column":155},"end":{"line":2,"column":201}},"type":"cond-expr","locations":[{"start":{"line":2,"column":179},"end":{"line":2,"column":182}},{"start":{"line":2,"column":185},"end":{"line":2,"column":201}}],"line":2},"1":{"loc":{"start":{"line":2,"column":155},"end":{"line":2,"column":176}},"type":"binary-expr","locations":[{"start":{"line":2,"column":155},"end":{"line":2,"column":158}},{"start":{"line":2,"column":162},"end":{"line":2,"column":176}}],"line":2}},"s":{"0":0,"1":0,"2":0,"3":0,"4":0,"5":0,"6":0,"7":0,"8":0,"9":0,"10":0,"11":0},"f":{"0":0,"1":0},"b":{"0":[0,0],"1":[0,0]}}
,"/Users/magdiel/localhost/animate-css-styled-components/src/Bounce/InLeft.js": {"path":"/Users/magdiel/localhost/animate-css-styled-components/src/Bounce/InLeft.js","statementMap":{"0":{"start":{"line":1,"column":13},"end":{"line":1,"column":75}},"1":{"start":{"line":1,"column":97},"end":{"line":1,"column":937}},"2":{"start":{"line":1,"column":957},"end":{"line":1,"column":1045}},"3":{"start":{"line":1,"column":1070},"end":{"line":1,"column":1098}},"4":{"start":{"line":1,"column":1124},"end":{"line":1,"column":1165}},"5":{"start":{"line":2,"column":21},"end":{"line":2,"column":48}},"6":{"start":{"line":2,"column":71},"end":{"line":2,"column":109}},"7":{"start":{"line":2,"column":148},"end":{"line":2,"column":202}},"8":{"start":{"line":2,"column":250},"end":{"line":2,"column":345}},"9":{"start":{"line":4,"column":28},"end":{"line":4,"column":77}},"10":{"start":{"line":32,"column":19},"end":{"line":33,"column":22}},"11":{"start":{"line":33,"column":23},"end":{"line":36,"column":13}}},"fnMap":{"0":{"name":"_interopRequireDefault","decl":{"start":{"line":2,"column":119},"end":{"line":2,"column":141}},"loc":{"start":{"line":2,"column":147},"end":{"line":2,"column":203}},"line":2},"1":{"name":"_taggedTemplateLiteral","decl":{"start":{"line":2,"column":212},"end":{"line":2,"column":234}},"loc":{"start":{"line":2,"column":249},"end":{"line":2,"column":346}},"line":2}},"branchMap":{"0":{"loc":{"start":{"line":2,"column":155},"end":{"line":2,"column":201}},"type":"cond-expr","locations":[{"start":{"line":2,"column":179},"end":{"line":2,"column":182}},{"start":{"line":2,"column":185},"end":{"line":2,"column":201}}],"line":2},"1":{"loc":{"start":{"line":2,"column":155},"end":{"line":2,"column":176}},"type":"binary-expr","locations":[{"start":{"line":2,"column":155},"end":{"line":2,"column":158}},{"start":{"line":2,"column":162},"end":{"line":2,"column":176}}],"line":2}},"s":{"0":0,"1":0,"2":0,"3":0,"4":0,"5":0,"6":0,"7":0,"8":0,"9":0,"10":0,"11":0},"f":{"0":0,"1":0},"b":{"0":[0,0],"1":[0,0]}}
,"/Users/magdiel/localhost/animate-css-styled-components/src/Bounce/InRight.js": {"path":"/Users/magdiel/localhost/animate-css-styled-components/src/Bounce/InRight.js","statementMap":{"0":{"start":{"line":1,"column":13},"end":{"line":1,"column":75}},"1":{"start":{"line":1,"column":97},"end":{"line":1,"column":995}},"2":{"start":{"line":1,"column":1015},"end":{"line":1,"column":1103}},"3":{"start":{"line":1,"column":1128},"end":{"line":1,"column":1156}},"4":{"start":{"line":1,"column":1182},"end":{"line":1,"column":1223}},"5":{"start":{"line":2,"column":21},"end":{"line":2,"column":48}},"6":{"start":{"line":2,"column":71},"end":{"line":2,"column":109}},"7":{"start":{"line":2,"column":148},"end":{"line":2,"column":202}},"8":{"start":{"line":2,"column":250},"end":{"line":2,"column":345}},"9":{"start":{"line":4,"column":29},"end":{"line":4,"column":78}},"10":{"start":{"line":32,"column":20},"end":{"line":33,"column":23}},"11":{"start":{"line":33,"column":24},"end":{"line":36,"column":14}}},"fnMap":{"0":{"name":"_interopRequireDefault","decl":{"start":{"line":2,"column":119},"end":{"line":2,"column":141}},"loc":{"start":{"line":2,"column":147},"end":{"line":2,"column":203}},"line":2},"1":{"name":"_taggedTemplateLiteral","decl":{"start":{"line":2,"column":212},"end":{"line":2,"column":234}},"loc":{"start":{"line":2,"column":249},"end":{"line":2,"column":346}},"line":2}},"branchMap":{"0":{"loc":{"start":{"line":2,"column":155},"end":{"line":2,"column":201}},"type":"cond-expr","locations":[{"start":{"line":2,"column":179},"end":{"line":2,"column":182}},{"start":{"line":2,"column":185},"end":{"line":2,"column":201}}],"line":2},"1":{"loc":{"start":{"line":2,"column":155},"end":{"line":2,"column":176}},"type":"binary-expr","locations":[{"start":{"line":2,"column":155},"end":{"line":2,"column":158}},{"start":{"line":2,"column":162},"end":{"line":2,"column":176}}],"line":2}},"s":{"0":0,"1":0,"2":0,"3":0,"4":0,"5":0,"6":0,"7":0,"8":0,"9":0,"10":0,"11":0},"f":{"0":0,"1":0},"b":{"0":[0,0],"1":[0,0]}}
,"/Users/magdiel/localhost/animate-css-styled-components/src/Bounce/InUp.js": {"path":"/Users/magdiel/localhost/animate-css-styled-components/src/Bounce/InUp.js","statementMap":{"0":{"start":{"line":1,"column":13},"end":{"line":1,"column":75}},"1":{"start":{"line":1,"column":97},"end":{"line":1,"column":989}},"2":{"start":{"line":1,"column":1009},"end":{"line":1,"column":1097}},"3":{"start":{"line":1,"column":1122},"end":{"line":1,"column":1150}},"4":{"start":{"line":1,"column":1176},"end":{"line":1,"column":1217}},"5":{"start":{"line":2,"column":21},"end":{"line":2,"column":48}},"6":{"start":{"line":2,"column":71},"end":{"line":2,"column":109}},"7":{"start":{"line":2,"column":148},"end":{"line":2,"column":202}},"8":{"start":{"line":2,"column":250},"end":{"line":2,"column":345}},"9":{"start":{"line":4,"column":26},"end":{"line":4,"column":75}},"10":{"start":{"line":32,"column":17},"end":{"line":33,"column":20}},"11":{"start":{"line":33,"column":21},"end":{"line":36,"column":11}}},"fnMap":{"0":{"name":"_interopRequireDefault","decl":{"start":{"line":2,"column":119},"end":{"line":2,"column":141}},"loc":{"start":{"line":2,"column":147},"end":{"line":2,"column":203}},"line":2},"1":{"name":"_taggedTemplateLiteral","decl":{"start":{"line":2,"column":212},"end":{"line":2,"column":234}},"loc":{"start":{"line":2,"column":249},"end":{"line":2,"column":346}},"line":2}},"branchMap":{"0":{"loc":{"start":{"line":2,"column":155},"end":{"line":2,"column":201}},"type":"cond-expr","locations":[{"start":{"line":2,"column":179},"end":{"line":2,"column":182}},{"start":{"line":2,"column":185},"end":{"line":2,"column":201}}],"line":2},"1":{"loc":{"start":{"line":2,"column":155},"end":{"line":2,"column":176}},"type":"binary-expr","locations":[{"start":{"line":2,"column":155},"end":{"line":2,"column":158}},{"start":{"line":2,"column":162},"end":{"line":2,"column":176}}],"line":2}},"s":{"0":0,"1":0,"2":0,"3":0,"4":0,"5":0,"6":0,"7":0,"8":0,"9":0,"10":0,"11":0},"f":{"0":0,"1":0},"b":{"0":[0,0],"1":[0,0]}}
,"/Users/magdiel/localhost/animate-css-styled-components/src/Bounce/Out.js": {"path":"/Users/magdiel/localhost/animate-css-styled-components/src/Bounce/Out.js","statementMap":{"0":{"start":{"line":1,"column":13},"end":{"line":1,"column":75}},"1":{"start":{"line":1,"column":97},"end":{"line":1,"column":521}},"2":{"start":{"line":1,"column":541},"end":{"line":1,"column":629}},"3":{"start":{"line":1,"column":654},"end":{"line":1,"column":682}},"4":{"start":{"line":1,"column":708},"end":{"line":1,"column":749}},"5":{"start":{"line":2,"column":21},"end":{"line":2,"column":48}},"6":{"start":{"line":2,"column":71},"end":{"line":2,"column":109}},"7":{"start":{"line":2,"column":148},"end":{"line":2,"column":202}},"8":{"start":{"line":2,"column":250},"end":{"line":2,"column":345}},"9":{"start":{"line":4,"column":25},"end":{"line":4,"column":74}},"10":{"start":{"line":20,"column":16},"end":{"line":21,"column":19}},"11":{"start":{"line":21,"column":20},"end":{"line":24,"column":10}}},"fnMap":{"0":{"name":"_interopRequireDefault","decl":{"start":{"line":2,"column":119},"end":{"line":2,"column":141}},"loc":{"start":{"line":2,"column":147},"end":{"line":2,"column":203}},"line":2},"1":{"name":"_taggedTemplateLiteral","decl":{"start":{"line":2,"column":212},"end":{"line":2,"column":234}},"loc":{"start":{"line":2,"column":249},"end":{"line":2,"column":346}},"line":2}},"branchMap":{"0":{"loc":{"start":{"line":2,"column":155},"end":{"line":2,"column":201}},"type":"cond-expr","locations":[{"start":{"line":2,"column":179},"end":{"line":2,"column":182}},{"start":{"line":2,"column":185},"end":{"line":2,"column":201}}],"line":2},"1":{"loc":{"start":{"line":2,"column":155},"end":{"line":2,"column":176}},"type":"binary-expr","locations":[{"start":{"line":2,"column":155},"end":{"line":2,"column":158}},{"start":{"line":2,"column":162},"end":{"line":2,"column":176}}],"line":2}},"s":{"0":0,"1":0,"2":0,"3":0,"4":0,"5":0,"6":0,"7":0,"8":0,"9":0,"10":0,"11":0},"f":{"0":0,"1":0},"b":{"0":[0,0],"1":[0,0]}}
,"/Users/magdiel/localhost/animate-css-styled-components/src/Bounce/OutDown.js": {"path":"/Users/magdiel/localhost/animate-css-styled-components/src/Bounce/OutDown.js","statementMap":{"0":{"start":{"line":1,"column":13},"end":{"line":1,"column":75}},"1":{"start":{"line":1,"column":97},"end":{"line":1,"column":555}},"2":{"start":{"line":1,"column":575},"end":{"line":1,"column":663}},"3":{"start":{"line":1,"column":688},"end":{"line":1,"column":716}},"4":{"start":{"line":1,"column":742},"end":{"line":1,"column":783}},"5":{"start":{"line":2,"column":21},"end":{"line":2,"column":48}},"6":{"start":{"line":2,"column":71},"end":{"line":2,"column":109}},"7":{"start":{"line":2,"column":148},"end":{"line":2,"column":202}},"8":{"start":{"line":2,"column":250},"end":{"line":2,"column":345}},"9":{"start":{"line":4,"column":29},"end":{"line":4,"column":78}},"10":{"start":{"line":20,"column":20},"end":{"line":21,"column":23}},"11":{"start":{"line":21,"column":24},"end":{"line":24,"column":14}}},"fnMap":{"0":{"name":"_interopRequireDefault","decl":{"start":{"line":2,"column":119},"end":{"line":2,"column":141}},"loc":{"start":{"line":2,"column":147},"end":{"line":2,"column":203}},"line":2},"1":{"name":"_taggedTemplateLiteral","decl":{"start":{"line":2,"column":212},"end":{"line":2,"column":234}},"loc":{"start":{"line":2,"column":249},"end":{"line":2,"column":346}},"line":2}},"branchMap":{"0":{"loc":{"start":{"line":2,"column":155},"end":{"line":2,"column":201}},"type":"cond-expr","locations":[{"start":{"line":2,"column":179},"end":{"line":2,"column":182}},{"start":{"line":2,"column":185},"end":{"line":2,"column":201}}],"line":2},"1":{"loc":{"start":{"line":2,"column":155},"end":{"line":2,"column":176}},"type":"binary-expr","locations":[{"start":{"line":2,"column":155},"end":{"line":2,"column":158}},{"start":{"line":2,"column":162},"end":{"line":2,"column":176}}],"line":2}},"s":{"0":0,"1":0,"2":0,"3":0,"4":0,"5":0,"6":0,"7":0,"8":0,"9":0,"10":0,"11":0},"f":{"0":0,"1":0},"b":{"0":[0,0],"1":[0,0]}}
,"/Users/magdiel/localhost/animate-css-styled-components/src/Bounce/OutLeft.js": {"path":"/Users/magdiel/localhost/animate-css-styled-components/src/Bounce/OutLeft.js","statementMap":{"0":{"start":{"line":1,"column":13},"end":{"line":1,"column":75}},"1":{"start":{"line":1,"column":97},"end":{"line":1,"column":431}},"2":{"start":{"line":1,"column":451},"end":{"line":1,"column":539}},"3":{"start":{"line":1,"column":564},"end":{"line":1,"column":592}},"4":{"start":{"line":1,"column":618},"end":{"line":1,"column":659}},"5":{"start":{"line":2,"column":21},"end":{"line":2,"column":48}},"6":{"start":{"line":2,"column":71},"end":{"line":2,"column":109}},"7":{"start":{"line":2,"column":148},"end":{"line":2,"column":202}},"8":{"start":{"line":2,"column":250},"end":{"line":2,"column":345}},"9":{"start":{"line":4,"column":29},"end":{"line":4,"column":78}},"10":{"start":{"line":16,"column":20},"end":{"line":17,"column":23}},"11":{"start":{"line":17,"column":24},"end":{"line":20,"column":14}}},"fnMap":{"0":{"name":"_interopRequireDefault","decl":{"start":{"line":2,"column":119},"end":{"line":2,"column":141}},"loc":{"start":{"line":2,"column":147},"end":{"line":2,"column":203}},"line":2},"1":{"name":"_taggedTemplateLiteral","decl":{"start":{"line":2,"column":212},"end":{"line":2,"column":234}},"loc":{"start":{"line":2,"column":249},"end":{"line":2,"column":346}},"line":2}},"branchMap":{"0":{"loc":{"start":{"line":2,"column":155},"end":{"line":2,"column":201}},"type":"cond-expr","locations":[{"start":{"line":2,"column":179},"end":{"line":2,"column":182}},{"start":{"line":2,"column":185},"end":{"line":2,"column":201}}],"line":2},"1":{"loc":{"start":{"line":2,"column":155},"end":{"line":2,"column":176}},"type":"binary-expr","locations":[{"start":{"line":2,"column":155},"end":{"line":2,"column":158}},{"start":{"line":2,"column":162},"end":{"line":2,"column":176}}],"line":2}},"s":{"0":0,"1":0,"2":0,"3":0,"4":0,"5":0,"6":0,"7":0,"8":0,"9":0,"10":0,"11":0},"f":{"0":0,"1":0},"b":{"0":[0,0],"1":[0,0]}}
,"/Users/magdiel/localhost/animate-css-styled-components/src/Bounce/OutRight.js": {"path":"/Users/magdiel/localhost/animate-css-styled-components/src/Bounce/OutRight.js","statementMap":{"0":{"start":{"line":1,"column":13},"end":{"line":1,"column":75}},"1":{"start":{"line":1,"column":97},"end":{"line":1,"column":431}},"2":{"start":{"line":1,"column":451},"end":{"line":1,"column":539}},"3":{"start":{"line":1,"column":564},"end":{"line":1,"column":592}},"4":{"start":{"line":1,"column":618},"end":{"line":1,"column":659}},"5":{"start":{"line":2,"column":21},"end":{"line":2,"column":48}},"6":{"start":{"line":2,"column":71},"end":{"line":2,"column":109}},"7":{"start":{"line":2,"column":148},"end":{"line":2,"column":202}},"8":{"start":{"line":2,"column":250},"end":{"line":2,"column":345}},"9":{"start":{"line":4,"column":30},"end":{"line":4,"column":79}},"10":{"start":{"line":16,"column":21},"end":{"line":17,"column":24}},"11":{"start":{"line":17,"column":25},"end":{"line":20,"column":15}}},"fnMap":{"0":{"name":"_interopRequireDefault","decl":{"start":{"line":2,"column":119},"end":{"line":2,"column":141}},"loc":{"start":{"line":2,"column":147},"end":{"line":2,"column":203}},"line":2},"1":{"name":"_taggedTemplateLiteral","decl":{"start":{"line":2,"column":212},"end":{"line":2,"column":234}},"loc":{"start":{"line":2,"column":249},"end":{"line":2,"column":346}},"line":2}},"branchMap":{"0":{"loc":{"start":{"line":2,"column":155},"end":{"line":2,"column":201}},"type":"cond-expr","locations":[{"start":{"line":2,"column":179},"end":{"line":2,"column":182}},{"start":{"line":2,"column":185},"end":{"line":2,"column":201}}],"line":2},"1":{"loc":{"start":{"line":2,"column":155},"end":{"line":2,"column":176}},"type":"binary-expr","locations":[{"start":{"line":2,"column":155},"end":{"line":2,"column":158}},{"start":{"line":2,"column":162},"end":{"line":2,"column":176}}],"line":2}},"s":{"0":0,"1":0,"2":0,"3":0,"4":0,"5":0,"6":0,"7":0,"8":0,"9":0,"10":0,"11":0},"f":{"0":0,"1":0},"b":{"0":[0,0],"1":[0,0]}}
,"/Users/magdiel/localhost/animate-css-styled-components/src/Bounce/OutUp.js": {"path":"/Users/magdiel/localhost/animate-css-styled-components/src/Bounce/OutUp.js","statementMap":{"0":{"start":{"line":1,"column":13},"end":{"line":1,"column":75}},"1":{"start":{"line":1,"column":97},"end":{"line":1,"column":557}},"2":{"start":{"line":1,"column":577},"end":{"line":1,"column":665}},"3":{"start":{"line":1,"column":690},"end":{"line":1,"column":718}},"4":{"start":{"line":1,"column":744},"end":{"line":1,"column":785}},"5":{"start":{"line":2,"column":21},"end":{"line":2,"column":48}},"6":{"start":{"line":2,"column":71},"end":{"line":2,"column":109}},"7":{"start":{"line":2,"column":148},"end":{"line":2,"column":202}},"8":{"start":{"line":2,"column":250},"end":{"line":2,"column":345}},"9":{"start":{"line":4,"column":27},"end":{"line":4,"column":76}},"10":{"start":{"line":20,"column":18},"end":{"line":21,"column":21}},"11":{"start":{"line":21,"column":22},"end":{"line":24,"column":12}}},"fnMap":{"0":{"name":"_interopRequireDefault","decl":{"start":{"line":2,"column":119},"end":{"line":2,"column":141}},"loc":{"start":{"line":2,"column":147},"end":{"line":2,"column":203}},"line":2},"1":{"name":"_taggedTemplateLiteral","decl":{"start":{"line":2,"column":212},"end":{"line":2,"column":234}},"loc":{"start":{"line":2,"column":249},"end":{"line":2,"column":346}},"line":2}},"branchMap":{"0":{"loc":{"start":{"line":2,"column":155},"end":{"line":2,"column":201}},"type":"cond-expr","locations":[{"start":{"line":2,"column":179},"end":{"line":2,"column":182}},{"start":{"line":2,"column":185},"end":{"line":2,"column":201}}],"line":2},"1":{"loc":{"start":{"line":2,"column":155},"end":{"line":2,"column":176}},"type":"binary-expr","locations":[{"start":{"line":2,"column":155},"end":{"line":2,"column":158}},{"start":{"line":2,"column":162},"end":{"line":2,"column":176}}],"line":2}},"s":{"0":0,"1":0,"2":0,"3":0,"4":0,"5":0,"6":0,"7":0,"8":0,"9":0,"10":0,"11":0},"f":{"0":0,"1":0},"b":{"0":[0,0],"1":[0,0]}}
,"/Users/magdiel/localhost/animate-css-styled-components/src/Bounce/index.js": {"path":"/Users/magdiel/localhost/animate-css-styled-components/src/Bounce/index.js","statementMap":{"0":{"start":{"line":1,"column":13},"end":{"line":1,"column":75}},"1":{"start":{"line":1,"column":97},"end":{"line":1,"column":1057}},"2":{"start":{"line":1,"column":1077},"end":{"line":1,"column":1165}},"3":{"start":{"line":1,"column":1190},"end":{"line":1,"column":1218}},"4":{"start":{"line":1,"column":1244},"end":{"line":1,"column":1285}},"5":{"start":{"line":2,"column":21},"end":{"line":2,"column":48}},"6":{"start":{"line":2,"column":71},"end":{"line":2,"column":109}},"7":{"start":{"line":2,"column":148},"end":{"line":2,"column":202}},"8":{"start":{"line":2,"column":250},"end":{"line":2,"column":345}},"9":{"start":{"line":4,"column":22},"end":{"line":4,"column":71}},"10":{"start":{"line":25,"column":13},"end":{"line":26,"column":16}},"11":{"start":{"line":26,"column":17},"end":{"line":29,"column":7}}},"fnMap":{"0":{"name":"_interopRequireDefault","decl":{"start":{"line":2,"column":119},"end":{"line":2,"column":141}},"loc":{"start":{"line":2,"column":147},"end":{"line":2,"column":203}},"line":2},"1":{"name":"_taggedTemplateLiteral","decl":{"start":{"line":2,"column":212},"end":{"line":2,"column":234}},"loc":{"start":{"line":2,"column":249},"end":{"line":2,"column":346}},"line":2}},"branchMap":{"0":{"loc":{"start":{"line":2,"column":155},"end":{"line":2,"column":201}},"type":"cond-expr","locations":[{"start":{"line":2,"column":179},"end":{"line":2,"column":182}},{"start":{"line":2,"column":185},"end":{"line":2,"column":201}}],"line":2},"1":{"loc":{"start":{"line":2,"column":155},"end":{"line":2,"column":176}},"type":"binary-expr","locations":[{"start":{"line":2,"column":155},"end":{"line":2,"column":158}},{"start":{"line":2,"column":162},"end":{"line":2,"column":176}}],"line":2}},"s":{"0":0,"1":0,"2":0,"3":0,"4":0,"5":0,"6":0,"7":0,"8":0,"9":0,"10":0,"11":0},"f":{"0":0,"1":0},"b":{"0":[0,0],"1":[0,0]}}
,"/Users/magdiel/localhost/animate-css-styled-components/src/Especials/Hinge.js": {"path":"/Users/magdiel/localhost/animate-css-styled-components/src/Especials/Hinge.js","statementMap":{"0":{"start":{"line":1,"column":13},"end":{"line":1,"column":75}},"1":{"start":{"line":1,"column":97},"end":{"line":1,"column":1063}},"2":{"start":{"line":1,"column":1083},"end":{"line":1,"column":1171}},"3":{"start":{"line":1,"column":1196},"end":{"line":1,"column":1224}},"4":{"start":{"line":1,"column":1250},"end":{"line":1,"column":1291}},"5":{"start":{"line":2,"column":21},"end":{"line":2,"column":48}},"6":{"start":{"line":2,"column":71},"end":{"line":2,"column":109}},"7":{"start":{"line":2,"column":148},"end":{"line":2,"column":202}},"8":{"start":{"line":2,"column":250},"end":{"line":2,"column":345}},"9":{"start":{"line":4,"column":21},"end":{"line":4,"column":70}},"10":{"start":{"line":29,"column":12},"end":{"line":30,"column":15}},"11":{"start":{"line":30,"column":16},"end":{"line":33,"column":6}}},"fnMap":{"0":{"name":"_interopRequireDefault","decl":{"start":{"line":2,"column":119},"end":{"line":2,"column":141}},"loc":{"start":{"line":2,"column":147},"end":{"line":2,"column":203}},"line":2},"1":{"name":"_taggedTemplateLiteral","decl":{"start":{"line":2,"column":212},"end":{"line":2,"column":234}},"loc":{"start":{"line":2,"column":249},"end":{"line":2,"column":346}},"line":2}},"branchMap":{"0":{"loc":{"start":{"line":2,"column":155},"end":{"line":2,"column":201}},"type":"cond-expr","locations":[{"start":{"line":2,"column":179},"end":{"line":2,"column":182}},{"start":{"line":2,"column":185},"end":{"line":2,"column":201}}],"line":2},"1":{"loc":{"start":{"line":2,"column":155},"end":{"line":2,"column":176}},"type":"binary-expr","locations":[{"start":{"line":2,"column":155},"end":{"line":2,"column":158}},{"start":{"line":2,"column":162},"end":{"line":2,"column":176}}],"line":2}},"s":{"0":0,"1":0,"2":0,"3":0,"4":0,"5":0,"6":0,"7":0,"8":0,"9":0,"10":0,"11":0},"f":{"0":0,"1":0},"b":{"0":[0,0],"1":[0,0]}}
,"/Users/magdiel/localhost/animate-css-styled-components/src/Especials/RollIn.js": {"path":"/Users/magdiel/localhost/animate-css-styled-components/src/Especials/RollIn.js","statementMap":{"0":{"start":{"line":1,"column":13},"end":{"line":1,"column":75}},"1":{"start":{"line":1,"column":97},"end":{"line":1,"column":473}},"2":{"start":{"line":1,"column":493},"end":{"line":1,"column":581}},"3":{"start":{"line":1,"column":606},"end":{"line":1,"column":634}},"4":{"start":{"line":1,"column":660},"end":{"line":1,"column":701}},"5":{"start":{"line":2,"column":21},"end":{"line":2,"column":48}},"6":{"start":{"line":2,"column":71},"end":{"line":2,"column":109}},"7":{"start":{"line":2,"column":148},"end":{"line":2,"column":202}},"8":{"start":{"line":2,"column":250},"end":{"line":2,"column":345}},"9":{"start":{"line":4,"column":22},"end":{"line":4,"column":71}},"10":{"start":{"line":16,"column":13},"end":{"line":17,"column":16}},"11":{"start":{"line":17,"column":17},"end":{"line":20,"column":7}}},"fnMap":{"0":{"name":"_interopRequireDefault","decl":{"start":{"line":2,"column":119},"end":{"line":2,"column":141}},"loc":{"start":{"line":2,"column":147},"end":{"line":2,"column":203}},"line":2},"1":{"name":"_taggedTemplateLiteral","decl":{"start":{"line":2,"column":212},"end":{"line":2,"column":234}},"loc":{"start":{"line":2,"column":249},"end":{"line":2,"column":346}},"line":2}},"branchMap":{"0":{"loc":{"start":{"line":2,"column":155},"end":{"line":2,"column":201}},"type":"cond-expr","locations":[{"start":{"line":2,"column":179},"end":{"line":2,"column":182}},{"start":{"line":2,"column":185},"end":{"line":2,"column":201}}],"line":2},"1":{"loc":{"start":{"line":2,"column":155},"end":{"line":2,"column":176}},"type":"binary-expr","locations":[{"start":{"line":2,"column":155},"end":{"line":2,"column":158}},{"start":{"line":2,"column":162},"end":{"line":2,"column":176}}],"line":2}},"s":{"0":0,"1":0,"2":0,"3":0,"4":0,"5":0,"6":0,"7":0,"8":0,"9":0,"10":0,"11":0},"f":{"0":0,"1":0},"b":{"0":[0,0],"1":[0,0]}}
,"/Users/magdiel/localhost/animate-css-styled-components/src/Especials/RollOut.js": {"path":"/Users/magdiel/localhost/animate-css-styled-components/src/Especials/RollOut.js","statementMap":{"0":{"start":{"line":1,"column":13},"end":{"line":1,"column":75}},"1":{"start":{"line":1,"column":97},"end":{"line":1,"column":397}},"2":{"start":{"line":1,"column":417},"end":{"line":1,"column":505}},"3":{"start":{"line":1,"column":530},"end":{"line":1,"column":558}},"4":{"start":{"line":1,"column":584},"end":{"line":1,"column":625}},"5":{"start":{"line":2,"column":21},"end":{"line":2,"column":48}},"6":{"start":{"line":2,"column":71},"end":{"line":2,"column":109}},"7":{"start":{"line":2,"column":148},"end":{"line":2,"column":202}},"8":{"start":{"line":2,"column":250},"end":{"line":2,"column":345}},"9":{"start":{"line":4,"column":23},"end":{"line":4,"column":72}},"10":{"start":{"line":15,"column":14},"end":{"line":16,"column":17}},"11":{"start":{"line":16,"column":18},"end":{"line":19,"column":8}}},"fnMap":{"0":{"name":"_interopRequireDefault","decl":{"start":{"line":2,"column":119},"end":{"line":2,"column":141}},"loc":{"start":{"line":2,"column":147},"end":{"line":2,"column":203}},"line":2},"1":{"name":"_taggedTemplateLiteral","decl":{"start":{"line":2,"column":212},"end":{"line":2,"column":234}},"loc":{"start":{"line":2,"column":249},"end":{"line":2,"column":346}},"line":2}},"branchMap":{"0":{"loc":{"start":{"line":2,"column":155},"end":{"line":2,"column":201}},"type":"cond-expr","locations":[{"start":{"line":2,"column":179},"end":{"line":2,"column":182}},{"start":{"line":2,"column":185},"end":{"line":2,"column":201}}],"line":2},"1":{"loc":{"start":{"line":2,"column":155},"end":{"line":2,"column":176}},"type":"binary-expr","locations":[{"start":{"line":2,"column":155},"end":{"line":2,"column":158}},{"start":{"line":2,"column":162},"end":{"line":2,"column":176}}],"line":2}},"s":{"0":0,"1":0,"2":0,"3":0,"4":0,"5":0,"6":0,"7":0,"8":0,"9":0,"10":0,"11":0},"f":{"0":0,"1":0},"b":{"0":[0,0],"1":[0,0]}}
,"/Users/magdiel/localhost/animate-css-styled-components/src/Fade/In.js": {"path":"/Users/magdiel/localhost/animate-css-styled-components/src/Fade/In.js","statementMap":{"0":{"start":{"line":1,"column":13},"end":{"line":1,"column":75}},"1":{"start":{"line":1,"column":97},"end":{"line":1,"column":263}},"2":{"start":{"line":1,"column":283},"end":{"line":1,"column":371}},"3":{"start":{"line":1,"column":396},"end":{"line":1,"column":424}},"4":{"start":{"line":1,"column":450},"end":{"line":1,"column":491}},"5":{"start":{"line":2,"column":21},"end":{"line":2,"column":48}},"6":{"start":{"line":2,"column":71},"end":{"line":2,"column":109}},"7":{"start":{"line":2,"column":148},"end":{"line":2,"column":202}},"8":{"start":{"line":2,"column":250},"end":{"line":2,"column":345}},"9":{"start":{"line":4,"column":22},"end":{"line":4,"column":71}},"10":{"start":{"line":14,"column":13},"end":{"line":15,"column":16}},"11":{"start":{"line":15,"column":17},"end":{"line":18,"column":7}}},"fnMap":{"0":{"name":"_interopRequireDefault","decl":{"start":{"line":2,"column":119},"end":{"line":2,"column":141}},"loc":{"start":{"line":2,"column":147},"end":{"line":2,"column":203}},"line":2},"1":{"name":"_taggedTemplateLiteral","decl":{"start":{"line":2,"column":212},"end":{"line":2,"column":234}},"loc":{"start":{"line":2,"column":249},"end":{"line":2,"column":346}},"line":2}},"branchMap":{"0":{"loc":{"start":{"line":2,"column":155},"end":{"line":2,"column":201}},"type":"cond-expr","locations":[{"start":{"line":2,"column":179},"end":{"line":2,"column":182}},{"start":{"line":2,"column":185},"end":{"line":2,"column":201}}],"line":2},"1":{"loc":{"start":{"line":2,"column":155},"end":{"line":2,"column":176}},"type":"binary-expr","locations":[{"start":{"line":2,"column":155},"end":{"line":2,"column":158}},{"start":{"line":2,"column":162},"end":{"line":2,"column":176}}],"line":2}},"s":{"0":0,"1":0,"2":0,"3":0,"4":0,"5":0,"6":0,"7":0,"8":0,"9":0,"10":0,"11":0},"f":{"0":0,"1":0},"b":{"0":[0,0],"1":[0,0]}}
,"/Users/magdiel/localhost/animate-css-styled-components/src/Fade/InDown.js": {"path":"/Users/magdiel/localhost/animate-css-styled-components/src/Fade/InDown.js","statementMap":{"0":{"start":{"line":1,"column":13},"end":{"line":1,"column":75}},"1":{"start":{"line":1,"column":97},"end":{"line":1,"column":405}},"2":{"start":{"line":1,"column":425},"end":{"line":1,"column":513}},"3":{"start":{"line":1,"column":538},"end":{"line":1,"column":566}},"4":{"start":{"line":1,"column":592},"end":{"line":1,"column":633}},"5":{"start":{"line":2,"column":21},"end":{"line":2,"column":48}},"6":{"start":{"line":2,"column":71},"end":{"line":2,"column":109}},"7":{"start":{"line":2,"column":148},"end":{"line":2,"column":202}},"8":{"start":{"line":2,"column":250},"end":{"line":2,"column":345}},"9":{"start":{"line":4,"column":26},"end":{"line":4,"column":75}},"10":{"start":{"line":16,"column":17},"end":{"line":17,"column":20}},"11":{"start":{"line":17,"column":21},"end":{"line":20,"column":11}}},"fnMap":{"0":{"name":"_interopRequireDefault","decl":{"start":{"line":2,"column":119},"end":{"line":2,"column":141}},"loc":{"start":{"line":2,"column":147},"end":{"line":2,"column":203}},"line":2},"1":{"name":"_taggedTemplateLiteral","decl":{"start":{"line":2,"column":212},"end":{"line":2,"column":234}},"loc":{"start":{"line":2,"column":249},"end":{"line":2,"column":346}},"line":2}},"branchMap":{"0":{"loc":{"start":{"line":2,"column":155},"end":{"line":2,"column":201}},"type":"cond-expr","locations":[{"start":{"line":2,"column":179},"end":{"line":2,"column":182}},{"start":{"line":2,"column":185},"end":{"line":2,"column":201}}],"line":2},"1":{"loc":{"start":{"line":2,"column":155},"end":{"line":2,"column":176}},"type":"binary-expr","locations":[{"start":{"line":2,"column":155},"end":{"line":2,"column":158}},{"start":{"line":2,"column":162},"end":{"line":2,"column":176}}],"line":2}},"s":{"0":0,"1":0,"2":0,"3":0,"4":0,"5":0,"6":0,"7":0,"8":0,"9":0,"10":0,"11":0},"f":{"0":0,"1":0},"b":{"0":[0,0],"1":[0,0]}}
,"/Users/magdiel/localhost/animate-css-styled-components/src/Fade/InDownBig.js": {"path":"/Users/magdiel/localhost/animate-css-styled-components/src/Fade/InDownBig.js","statementMap":{"0":{"start":{"line":1,"column":13},"end":{"line":1,"column":75}},"1":{"start":{"line":1,"column":97},"end":{"line":1,"column":395}},"2":{"start":{"line":1,"column":415},"end":{"line":1,"column":503}},"3":{"start":{"line":1,"column":528},"end":{"line":1,"column":556}},"4":{"start":{"line":1,"column":582},"end":{"line":1,"column":623}},"5":{"start":{"line":2,"column":21},"end":{"line":2,"column":48}},"6":{"start":{"line":2,"column":71},"end":{"line":2,"column":109}},"7":{"start":{"line":2,"column":148},"end":{"line":2,"column":202}},"8":{"start":{"line":2,"column":250},"end":{"line":2,"column":345}},"9":{"start":{"line":4,"column":29},"end":{"line":4,"column":78}},"10":{"start":{"line":16,"column":20},"end":{"line":17,"column":23}},"11":{"start":{"line":17,"column":24},"end":{"line":20,"column":14}}},"fnMap":{"0":{"name":"_interopRequireDefault","decl":{"start":{"line":2,"column":119},"end":{"line":2,"column":141}},"loc":{"start":{"line":2,"column":147},"end":{"line":2,"column":203}},"line":2},"1":{"name":"_taggedTemplateLiteral","decl":{"start":{"line":2,"column":212},"end":{"line":2,"column":234}},"loc":{"start":{"line":2,"column":249},"end":{"line":2,"column":346}},"line":2}},"branchMap":{"0":{"loc":{"start":{"line":2,"column":155},"end":{"line":2,"column":201}},"type":"cond-expr","locations":[{"start":{"line":2,"column":179},"end":{"line":2,"column":182}},{"start":{"line":2,"column":185},"end":{"line":2,"column":201}}],"line":2},"1":{"loc":{"start":{"line":2,"column":155},"end":{"line":2,"column":176}},"type":"binary-expr","locations":[{"start":{"line":2,"column":155},"end":{"line":2,"column":158}},{"start":{"line":2,"column":162},"end":{"line":2,"column":176}}],"line":2}},"s":{"0":0,"1":0,"2":0,"3":0,"4":0,"5":0,"6":0,"7":0,"8":0,"9":0,"10":0,"11":0},"f":{"0":0,"1":0},"b":{"0":[0,0],"1":[0,0]}}
,"/Users/magdiel/localhost/animate-css-styled-components/src/Fade/InLeft.js": {"path":"/Users/magdiel/localhost/animate-css-styled-components/src/Fade/InLeft.js","statementMap":{"0":{"start":{"line":1,"column":13},"end":{"line":1,"column":75}},"1":{"start":{"line":1,"column":97},"end":{"line":1,"column":391}},"2":{"start":{"line":1,"column":411},"end":{"line":1,"column":499}},"3":{"start":{"line":1,"column":524},"end":{"line":1,"column":552}},"4":{"start":{"line":1,"column":578},"end":{"line":1,"column":619}},"5":{"start":{"line":2,"column":21},"end":{"line":2,"column":48}},"6":{"start":{"line":2,"column":71},"end":{"line":2,"column":109}},"7":{"start":{"line":2,"column":148},"end":{"line":2,"column":202}},"8":{"start":{"line":2,"column":250},"end":{"line":2,"column":345}},"9":{"start":{"line":4,"column":26},"end":{"line":4,"column":75}},"10":{"start":{"line":16,"column":17},"end":{"line":17,"column":20}},"11":{"start":{"line":17,"column":21},"end":{"line":20,"column":11}}},"fnMap":{"0":{"name":"_interopRequireDefault","decl":{"start":{"line":2,"column":119},"end":{"line":2,"column":141}},"loc":{"start":{"line":2,"column":147},"end":{"line":2,"column":203}},"line":2},"1":{"name":"_taggedTemplateLiteral","decl":{"start":{"line":2,"column":212},"end":{"line":2,"column":234}},"loc":{"start":{"line":2,"column":249},"end":{"line":2,"column":346}},"line":2}},"branchMap":{"0":{"loc":{"start":{"line":2,"column":155},"end":{"line":2,"column":201}},"type":"cond-expr","locations":[{"start":{"line":2,"column":179},"end":{"line":2,"column":182}},{"start":{"line":2,"column":185},"end":{"line":2,"column":201}}],"line":2},"1":{"loc":{"start":{"line":2,"column":155},"end":{"line":2,"column":176}},"type":"binary-expr","locations":[{"start":{"line":2,"column":155},"end":{"line":2,"column":158}},{"start":{"line":2,"column":162},"end":{"line":2,"column":176}}],"line":2}},"s":{"0":0,"1":0,"2":0,"3":0,"4":0,"5":0,"6":0,"7":0,"8":0,"9":0,"10":0,"11":0},"f":{"0":0,"1":0},"b":{"0":[0,0],"1":[0,0]}}
,"/Users/magdiel/localhost/animate-css-styled-components/src/Fade/InLeftBig.js": {"path":"/Users/magdiel/localhost/animate-css-styled-components/src/Fade/InLeftBig.js","statementMap":{"0":{"start":{"line":1,"column":13},"end":{"line":1,"column":75}},"1":{"start":{"line":1,"column":97},"end":{"line":1,"column":395}},"2":{"start":{"line":1,"column":415},"end":{"line":1,"column":503}},"3":{"start":{"line":1,"column":528},"end":{"line":1,"column":556}},"4":{"start":{"line":1,"column":582},"end":{"line":1,"column":623}},"5":{"start":{"line":2,"column":21},"end":{"line":2,"column":48}},"6":{"start":{"line":2,"column":71},"end":{"line":2,"column":109}},"7":{"start":{"line":2,"column":148},"end":{"line":2,"column":202}},"8":{"start":{"line":2,"column":250},"end":{"line":2,"column":345}},"9":{"start":{"line":4,"column":29},"end":{"line":4,"column":78}},"10":{"start":{"line":16,"column":20},"end":{"line":17,"column":23}},"11":{"start":{"line":17,"column":24},"end":{"line":20,"column":14}}},"fnMap":{"0":{"name":"_interopRequireDefault","decl":{"start":{"line":2,"column":119},"end":{"line":2,"column":141}},"loc":{"start":{"line":2,"column":147},"end":{"line":2,"column":203}},"line":2},"1":{"name":"_taggedTemplateLiteral","decl":{"start":{"line":2,"column":212},"end":{"line":2,"column":234}},"loc":{"start":{"line":2,"column":249},"end":{"line":2,"column":346}},"line":2}},"branchMap":{"0":{"loc":{"start":{"line":2,"column":155},"end":{"line":2,"column":201}},"type":"cond-expr","locations":[{"start":{"line":2,"column":179},"end":{"line":2,"column":182}},{"start":{"line":2,"column":185},"end":{"line":2,"column":201}}],"line":2},"1":{"loc":{"start":{"line":2,"column":155},"end":{"line":2,"column":176}},"type":"binary-expr","locations":[{"start":{"line":2,"column":155},"end":{"line":2,"column":158}},{"start":{"line":2,"column":162},"end":{"line":2,"column":176}}],"line":2}},"s":{"0":0,"1":0,"2":0,"3":0,"4":0,"5":0,"6":0,"7":0,"8":0,"9":0,"10":0,"11":0},"f":{"0":0,"1":0},"b":{"0":[0,0],"1":[0,0]}}
[...]
,"/Users/magdiel/localhost/animate-css-styled-components/src/Zoom/InDown.js": {"path":"/Users/magdiel/localhost/animate-css-styled-components/src/Zoom/InDown.js","statementMap":{"0":{"start":{"line":1,"column":13},"end":{"line":1,"column":75}},"1":{"start":{"line":1,"column":97},"end":{"line":1,"column":833}},"2":{"start":{"line":1,"column":853},"end":{"line":1,"column":941}},"3":{"start":{"line":2,"column":24},"end":{"line":2,"column":52}},"4":{"start":{"line":2,"column":78},"end":{"line":2,"column":119}},"5":{"start":{"line":3,"column":21},"end":{"line":3,"column":48}},"6":{"start":{"line":3,"column":71},"end":{"line":3,"column":109}},"7":{"start":{"line":3,"column":148},"end":{"line":3,"column":202}},"8":{"start":{"line":3,"column":250},"end":{"line":3,"column":345}},"9":{"start":{"line":5,"column":26},"end":{"line":5,"column":75}},"10":{"start":{"line":19,"column":17},"end":{"line":20,"column":20}},"11":{"start":{"line":20,"column":21},"end":{"line":23,"column":11}}},"fnMap":{"0":{"name":"_interopRequireDefault","decl":{"start":{"line":3,"column":119},"end":{"line":3,"column":141}},"loc":{"start":{"line":3,"column":147},"end":{"line":3,"column":203}},"line":3},"1":{"name":"_taggedTemplateLiteral","decl":{"start":{"line":3,"column":212},"end":{"line":3,"column":234}},"loc":{"start":{"line":3,"column":249},"end":{"line":3,"column":346}},"line":3}},"branchMap":{"0":{"loc":{"start":{"line":3,"column":155},"end":{"line":3,"column":201}},"type":"cond-expr","locations":[{"start":{"line":3,"column":179},"end":{"line":3,"column":182}},{"start":{"line":3,"column":185},"end":{"line":3,"column":201}}],"line":3},"1":{"loc":{"start":{"line":3,"column":155},"end":{"line":3,"column":176}},"type":"binary-expr","locations":[{"start":{"line":3,"column":155},"end":{"line":3,"column":158}},{"start":{"line":3,"column":162},"end":{"line":3,"column":176}}],"line":3}},"s":{"0":0,"1":0,"2":0,"3":0,"4":0,"5":0,"6":0,"7":0,"8":0,"9":0,"10":0,"11":0},"f":{"0":0,"1":0},"b":{"0":[0,0],"1":[0,0]}}
,"/Users/magdiel/localhost/animate-css-styled-components/src/Zoom/InLeft.js": {"path":"/Users/magdiel/localhost/animate-css-styled-components/src/Zoom/InLeft.js","statementMap":{"0":{"start":{"line":1,"column":13},"end":{"line":1,"column":75}},"1":{"start":{"line":1,"column":97},"end":{"line":1,"column":851}},"2":{"start":{"line":1,"column":871},"end":{"line":1,"column":959}},"3":{"start":{"line":2,"column":24},"end":{"line":2,"column":52}},"4":{"start":{"line":2,"column":78},"end":{"line":2,"column":119}},"5":{"start":{"line":3,"column":21},"end":{"line":3,"column":48}},"6":{"start":{"line":3,"column":71},"end":{"line":3,"column":109}},"7":{"start":{"line":3,"column":148},"end":{"line":3,"column":202}},"8":{"start":{"line":3,"column":250},"end":{"line":3,"column":345}},"9":{"start":{"line":5,"column":26},"end":{"line":5,"column":75}},"10":{"start":{"line":19,"column":17},"end":{"line":20,"column":20}},"11":{"start":{"line":20,"column":21},"end":{"line":23,"column":11}}},"fnMap":{"0":{"name":"_interopRequireDefault","decl":{"start":{"line":3,"column":119},"end":{"line":3,"column":141}},"loc":{"start":{"line":3,"column":147},"end":{"line":3,"column":203}},"line":3},"1":{"name":"_taggedTemplateLiteral","decl":{"start":{"line":3,"column":212},"end":{"line":3,"column":234}},"loc":{"start":{"line":3,"column":249},"end":{"line":3,"column":346}},"line":3}},"branchMap":{"0":{"loc":{"start":{"line":3,"column":155},"end":{"line":3,"column":201}},"type":"cond-expr","locations":[{"start":{"line":3,"column":179},"end":{"line":3,"column":182}},{"start":{"line":3,"column":185},"end":{"line":3,"column":201}}],"line":3},"1":{"loc":{"start":{"line":3,"column":155},"end":{"line":3,"column":176}},"type":"binary-expr","locations":[{"start":{"line":3,"column":155},"end":{"line":3,"column":158}},{"start":{"line":3,"column":162},"end":{"line":3,"column":176}}],"line":3}},"s":{"0":0,"1":0,"2":0,"3":0,"4":0,"5":0,"6":0,"7":0,"8":0,"9":0,"10":0,"11":0},"f":{"0":0,"1":0},"b":{"0":[0,0],"1":[0,0]}}
,"/Users/magdiel/localhost/animate-css-styled-components/src/Zoom/InRight.js": {"path":"/Users/magdiel/localhost/animate-css-styled-components/src/Zoom/InRight.js","statementMap":{"0":{"start":{"line":1,"column":13},"end":{"line":1,"column":75}},"1":{"start":{"line":1,"column":97},"end":{"line":1,"column":851}},"2":{"start":{"line":1,"column":871},"end":{"line":1,"column":959}},"3":{"start":{"line":2,"column":24},"end":{"line":2,"column":52}},"4":{"start":{"line":2,"column":78},"end":{"line":2,"column":119}},"5":{"start":{"line":3,"column":21},"end":{"line":3,"column":48}},"6":{"start":{"line":3,"column":71},"end":{"line":3,"column":109}},"7":{"start":{"line":3,"column":148},"end":{"line":3,"column":202}},"8":{"start":{"line":3,"column":250},"end":{"line":3,"column":345}},"9":{"start":{"line":5,"column":27},"end":{"line":5,"column":76}},"10":{"start":{"line":19,"column":18},"end":{"line":20,"column":21}},"11":{"start":{"line":20,"column":22},"end":{"line":23,"column":12}}},"fnMap":{"0":{"name":"_interopRequireDefault","decl":{"start":{"line":3,"column":119},"end":{"line":3,"column":141}},"loc":{"start":{"line":3,"column":147},"end":{"line":3,"column":203}},"line":3},"1":{"name":"_taggedTemplateLiteral","decl":{"start":{"line":3,"column":212},"end":{"line":3,"column":234}},"loc":{"start":{"line":3,"column":249},"end":{"line":3,"column":346}},"line":3}},"branchMap":{"0":{"loc":{"start":{"line":3,"column":155},"end":{"line":3,"column":201}},"type":"cond-expr","locations":[{"start":{"line":3,"column":179},"end":{"line":3,"column":182}},{"start":{"line":3,"column":185},"end":{"line":3,"column":201}}],"line":3},"1":{"loc":{"start":{"line":3,"column":155},"end":{"line":3,"column":176}},"type":"binary-expr","locations":[{"start":{"line":3,"column":155},"end":{"line":3,"column":158}},{"start":{"line":3,"column":162},"end":{"line":3,"column":176}}],"line":3}},"s":{"0":0,"1":0,"2":0,"3":0,"4":0,"5":0,"6":0,"7":0,"8":0,"9":0,"10":0,"11":0},"f":{"0":0,"1":0},"b":{"0":[0,0],"1":[0,0]}}
,"/Users/magdiel/localhost/animate-css-styled-components/src/Zoom/InUp.js": {"path":"/Users/magdiel/localhost/animate-css-styled-components/src/Zoom/InUp.js","statementMap":{"0":{"start":{"line":1,"column":13},"end":{"line":1,"column":75}},"1":{"start":{"line":1,"column":97},"end":{"line":1,"column":851}},"2":{"start":{"line":1,"column":871},"end":{"line":1,"column":959}},"3":{"start":{"line":2,"column":24},"end":{"line":2,"column":52}},"4":{"start":{"line":2,"column":78},"end":{"line":2,"column":119}},"5":{"start":{"line":3,"column":21},"end":{"line":3,"column":48}},"6":{"start":{"line":3,"column":71},"end":{"line":3,"column":109}},"7":{"start":{"line":3,"column":148},"end":{"line":3,"column":202}},"8":{"start":{"line":3,"column":250},"end":{"line":3,"column":345}},"9":{"start":{"line":5,"column":24},"end":{"line":5,"column":73}},"10":{"start":{"line":19,"column":15},"end":{"line":20,"column":18}},"11":{"start":{"line":20,"column":19},"end":{"line":23,"column":9}}},"fnMap":{"0":{"name":"_interopRequireDefault","decl":{"start":{"line":3,"column":119},"end":{"line":3,"column":141}},"loc":{"start":{"line":3,"column":147},"end":{"line":3,"column":203}},"line":3},"1":{"name":"_taggedTemplateLiteral","decl":{"start":{"line":3,"column":212},"end":{"line":3,"column":234}},"loc":{"start":{"line":3,"column":249},"end":{"line":3,"column":346}},"line":3}},"branchMap":{"0":{"loc":{"start":{"line":3,"column":155},"end":{"line":3,"column":201}},"type":"cond-expr","locations":[{"start":{"line":3,"column":179},"end":{"line":3,"column":182}},{"start":{"line":3,"column":185},"end":{"line":3,"column":201}}],"line":3},"1":{"loc":{"start":{"line":3,"column":155},"end":{"line":3,"column":176}},"type":"binary-expr","locations":[{"start":{"line":3,"column":155},"end":{"line":3,"column":158}},{"start":{"line":3,"column":162},"end":{"line":3,"column":176}}],"line":3}},"s":{"0":0,"1":0,"2":0,"3":0,"4":0,"5":0,"6":0,"7":0,"8":0,"9":0,"10":0,"11":0},"f":{"0":0,"1":0},"b":{"0":[0,0],"1":[0,0]}}
,"/Users/magdiel/localhost/animate-css-styled-components/src/Zoom/Out.js": {"path":"/Users/magdiel/localhost/animate-css-styled-components/src/Zoom/Out.js","statementMap":{"0":{"start":{"line":1,"column":13},"end":{"line":1,"column":75}},"1":{"start":{"line":1,"column":97},"end":{"line":1,"column":395}},"2":{"start":{"line":1,"column":415},"end":{"line":1,"column":503}},"3":{"start":{"line":2,"column":24},"end":{"line":2,"column":52}},"4":{"start":{"line":2,"column":78},"end":{"line":2,"column":119}},"5":{"start":{"line":3,"column":21},"end":{"line":3,"column":48}},"6":{"start":{"line":3,"column":71},"end":{"line":3,"column":109}},"7":{"start":{"line":3,"column":148},"end":{"line":3,"column":202}},"8":{"start":{"line":3,"column":250},"end":{"line":3,"column":345}},"9":{"start":{"line":5,"column":23},"end":{"line":5,"column":72}},"10":{"start":{"line":20,"column":14},"end":{"line":21,"column":17}},"11":{"start":{"line":21,"column":18},"end":{"line":24,"column":8}}},"fnMap":{"0":{"name":"_interopRequireDefault","decl":{"start":{"line":3,"column":119},"end":{"line":3,"column":141}},"loc":{"start":{"line":3,"column":147},"end":{"line":3,"column":203}},"line":3},"1":{"name":"_taggedTemplateLiteral","decl":{"start":{"line":3,"column":212},"end":{"line":3,"column":234}},"loc":{"start":{"line":3,"column":249},"end":{"line":3,"column":346}},"line":3}},"branchMap":{"0":{"loc":{"start":{"line":3,"column":155},"end":{"line":3,"column":201}},"type":"cond-expr","locations":[{"start":{"line":3,"column":179},"end":{"line":3,"column":182}},{"start":{"line":3,"column":185},"end":{"line":3,"column":201}}],"line":3},"1":{"loc":{"start":{"line":3,"column":155},"end":{"line":3,"column":176}},"type":"binary-expr","locations":[{"start":{"line":3,"column":155},"end":{"line":3,"column":158}},{"start":{"line":3,"column":162},"end":{"line":3,"column":176}}],"line":3}},"s":{"0":0,"1":0,"2":0,"3":0,"4":0,"5":0,"6":0,"7":0,"8":0,"9":0,"10":0,"11":0},"f":{"0":0,"1":0},"b":{"0":[0,0],"1":[0,0]}}
,"/Users/magdiel/localhost/animate-css-styled-components/src/Zoom/OutDown.js": {"path":"/Users/magdiel/localhost/animate-css-styled-components/src/Zoom/OutDown.js","statementMap":{"0":{"start":{"line":1,"column":13},"end":{"line":1,"column":75}},"1":{"start":{"line":1,"column":97},"end":{"line":1,"column":927}},"2":{"start":{"line":1,"column":947},"end":{"line":1,"column":1035}},"3":{"start":{"line":2,"column":24},"end":{"line":2,"column":52}},"4":{"start":{"line":2,"column":78},"end":{"line":2,"column":119}},"5":{"start":{"line":3,"column":21},"end":{"line":3,"column":48}},"6":{"start":{"line":3,"column":71},"end":{"line":3,"column":109}},"7":{"start":{"line":3,"column":148},"end":{"line":3,"column":202}},"8":{"start":{"line":3,"column":250},"end":{"line":3,"column":345}},"9":{"start":{"line":5,"column":27},"end":{"line":5,"column":76}},"10":{"start":{"line":20,"column":18},"end":{"line":21,"column":21}},"11":{"start":{"line":21,"column":22},"end":{"line":24,"column":12}}},"fnMap":{"0":{"name":"_interopRequireDefault","decl":{"start":{"line":3,"column":119},"end":{"line":3,"column":141}},"loc":{"start":{"line":3,"column":147},"end":{"line":3,"column":203}},"line":3},"1":{"name":"_taggedTemplateLiteral","decl":{"start":{"line":3,"column":212},"end":{"line":3,"column":234}},"loc":{"start":{"line":3,"column":249},"end":{"line":3,"column":346}},"line":3}},"branchMap":{"0":{"loc":{"start":{"line":3,"column":155},"end":{"line":3,"column":201}},"type":"cond-expr","locations":[{"start":{"line":3,"column":179},"end":{"line":3,"column":182}},{"start":{"line":3,"column":185},"end":{"line":3,"column":201}}],"line":3},"1":{"loc":{"start":{"line":3,"column":155},"end":{"line":3,"column":176}},"type":"binary-expr","locations":[{"start":{"line":3,"column":155},"end":{"line":3,"column":158}},{"start":{"line":3,"column":162},"end":{"line":3,"column":176}}],"line":3}},"s":{"0":0,"1":0,"2":0,"3":0,"4":0,"5":0,"6":0,"7":0,"8":0,"9":0,"10":0,"11":0},"f":{"0":0,"1":0},"b":{"0":[0,0],"1":[0,0]}}
,"/Users/magdiel/localhost/animate-css-styled-components/src/Zoom/OutLeft.js": {"path":"/Users/magdiel/localhost/animate-css-styled-components/src/Zoom/OutLeft.js","statementMap":{"0":{"start":{"line":1,"column":13},"end":{"line":1,"column":75}},"1":{"start":{"line":1,"column":97},"end":{"line":1,"column":607}},"2":{"start":{"line":1,"column":627},"end":{"line":1,"column":715}},"3":{"start":{"line":2,"column":24},"end":{"line":2,"column":52}},"4":{"start":{"line":2,"column":78},"end":{"line":2,"column":119}},"5":{"start":{"line":3,"column":21},"end":{"line":3,"column":48}},"6":{"start":{"line":3,"column":71},"end":{"line":3,"column":109}},"7":{"start":{"line":3,"column":148},"end":{"line":3,"column":202}},"8":{"start":{"line":3,"column":250},"end":{"line":3,"column":345}},"9":{"start":{"line":5,"column":27},"end":{"line":5,"column":76}},"10":{"start":{"line":18,"column":18},"end":{"line":19,"column":21}},"11":{"start":{"line":19,"column":22},"end":{"line":22,"column":12}}},"fnMap":{"0":{"name":"_interopRequireDefault","decl":{"start":{"line":3,"column":119},"end":{"line":3,"column":141}},"loc":{"start":{"line":3,"column":147},"end":{"line":3,"column":203}},"line":3},"1":{"name":"_taggedTemplateLiteral","decl":{"start":{"line":3,"column":212},"end":{"line":3,"column":234}},"loc":{"start":{"line":3,"column":249},"end":{"line":3,"column":346}},"line":3}},"branchMap":{"0":{"loc":{"start":{"line":3,"column":155},"end":{"line":3,"column":201}},"type":"cond-expr","locations":[{"start":{"line":3,"column":179},"end":{"line":3,"column":182}},{"start":{"line":3,"column":185},"end":{"line":3,"column":201}}],"line":3},"1":{"loc":{"start":{"line":3,"column":155},"end":{"line":3,"column":176}},"type":"binary-expr","locations":[{"start":{"line":3,"column":155},"end":{"line":3,"column":158}},{"start":{"line":3,"column":162},"end":{"line":3,"column":176}}],"line":3}},"s":{"0":0,"1":0,"2":0,"3":0,"4":0,"5":0,"6":0,"7":0,"8":0,"9":0,"10":0,"11":0},"f":{"0":0,"1":0},"b":{"0":[0,0],"1":[0,0]}}
,"/Users/magdiel/localhost/animate-css-styled-components/src/Zoom/OutRight.js": {"path":"/Users/magdiel/localhost/animate-css-styled-components/src/Zoom/OutRight.js","statementMap":{"0":{"start":{"line":1,"column":13},"end":{"line":1,"column":75}},"1":{"start":{"line":1,"column":97},"end":{"line":1,"column":609}},"2":{"start":{"line":1,"column":629},"end":{"line":1,"column":717}},"3":{"start":{"line":2,"column":24},"end":{"line":2,"column":52}},"4":{"start":{"line":2,"column":78},"end":{"line":2,"column":119}},"5":{"start":{"line":3,"column":21},"end":{"line":3,"column":48}},"6":{"start":{"line":3,"column":71},"end":{"line":3,"column":109}},"7":{"start":{"line":3,"column":148},"end":{"line":3,"column":202}},"8":{"start":{"line":3,"column":250},"end":{"line":3,"column":345}},"9":{"start":{"line":5,"column":28},"end":{"line":5,"column":77}},"10":{"start":{"line":18,"column":19},"end":{"line":19,"column":22}},"11":{"start":{"line":19,"column":23},"end":{"line":22,"column":13}}},"fnMap":{"0":{"name":"_interopRequireDefault","decl":{"start":{"line":3,"column":119},"end":{"line":3,"column":141}},"loc":{"start":{"line":3,"column":147},"end":{"line":3,"column":203}},"line":3},"1":{"name":"_taggedTemplateLiteral","decl":{"start":{"line":3,"column":212},"end":{"line":3,"column":234}},"loc":{"start":{"line":3,"column":249},"end":{"line":3,"column":346}},"line":3}},"branchMap":{"0":{"loc":{"start":{"line":3,"column":155},"end":{"line":3,"column":201}},"type":"cond-expr","locations":[{"start":{"line":3,"column":179},"end":{"line":3,"column":182}},{"start":{"line":3,"column":185},"end":{"line":3,"column":201}}],"line":3},"1":{"loc":{"start":{"line":3,"column":155},"end":{"line":3,"column":176}},"type":"binary-expr","locations":[{"start":{"line":3,"column":155},"end":{"line":3,"column":158}},{"start":{"line":3,"column":162},"end":{"line":3,"column":176}}],"line":3}},"s":{"0":0,"1":0,"2":0,"3":0,"4":0,"5":0,"6":0,"7":0,"8":0,"9":0,"10":0,"11":0},"f":{"0":0,"1":0},"b":{"0":[0,0],"1":[0,0]}}
,"/Users/magdiel/localhost/animate-css-styled-components/src/Zoom/OutUp.js": {"path":"/Users/magdiel/localhost/animate-css-styled-components/src/Zoom/OutUp.js","statementMap":{"0":{"start":{"line":1,"column":13},"end":{"line":1,"column":75}},"1":{"start":{"line":1,"column":97},"end":{"line":1,"column":927}},"2":{"start":{"line":1,"column":947},"end":{"line":1,"column":1035}},"3":{"start":{"line":2,"column":24},"end":{"line":2,"column":52}},"4":{"start":{"line":2,"column":78},"end":{"line":2,"column":119}},"5":{"start":{"line":3,"column":21},"end":{"line":3,"column":48}},"6":{"start":{"line":3,"column":71},"end":{"line":3,"column":109}},"7":{"start":{"line":3,"column":148},"end":{"line":3,"column":202}},"8":{"start":{"line":3,"column":250},"end":{"line":3,"column":345}},"9":{"start":{"line":5,"column":25},"end":{"line":5,"column":74}},"10":{"start":{"line":20,"column":16},"end":{"line":21,"column":19}},"11":{"start":{"line":21,"column":20},"end":{"line":24,"column":10}}},"fnMap":{"0":{"name":"_interopRequireDefault","decl":{"start":{"line":3,"column":119},"end":{"line":3,"column":141}},"loc":{"start":{"line":3,"column":147},"end":{"line":3,"column":203}},"line":3},"1":{"name":"_taggedTemplateLiteral","decl":{"start":{"line":3,"column":212},"end":{"line":3,"column":234}},"loc":{"start":{"line":3,"column":249},"end":{"line":3,"column":346}},"line":3}},"branchMap":{"0":{"loc":{"start":{"line":3,"column":155},"end":{"line":3,"column":201}},"type":"cond-expr","locations":[{"start":{"line":3,"column":179},"end":{"line":3,"column":182}},{"start":{"line":3,"column":185},"end":{"line":3,"column":201}}],"line":3},"1":{"loc":{"start":{"line":3,"column":155},"end":{"line":3,"column":176}},"type":"binary-expr","locations":[{"start":{"line":3,"column":155},"end":{"line":3,"column":158}},{"start":{"line":3,"column":162},"end":{"line":3,"column":176}}],"line":3}},"s":{"0":0,"1":0,"2":0,"3":0,"4":0,"5":0,"6":0,"7":0,"8":0,"9":0,"10":0,"11":0},"f":{"0":0,"1":0},"b":{"0":[0,0],"1":[0,0]}}
}
