TN:
SF:/Users/magdiel/localhost/animate-css-styled-components/src/BaseAnimation.js
FN:4,(anonymous_0)
FN:5,(anonymous_1)
FN:6,(anonymous_2)
FN:7,(anonymous_3)
FN:8,(anonymous_4)
FN:9,(anonymous_5)
FN:10,(anonymous_6)
FN:11,(anonymous_7)
FNF:8
FNH:8
FNDA:1,(anonymous_0)
FNDA:1,(anonymous_1)
FNDA:1,(anonymous_2)
FNDA:1,(anonymous_3)
FNDA:1,(anonymous_4)
FNDA:1,(anonymous_5)
FNDA:1,(anonymous_6)
FNDA:1,(anonymous_7)
DA:3,1
DA:4,1
DA:5,1
DA:6,1
DA:7,1
DA:8,1
DA:9,1
DA:10,1
DA:11,1
DA:14,1
LF:10
LH:10
BRF:0
BRH:0
end_of_record
TN:
SF:/Users/magdiel/localhost/animate-css-styled-components/src/index.js
FN:90,_interopRequireDefault
FNF:1
FNH:0
FNDA:0,_interopRequireDefault
DA:1,0
DA:2,0
DA:3,0
DA:4,0
DA:5,0
DA:6,0
DA:7,0
DA:8,0
DA:9,0
DA:10,0
DA:12,0
DA:13,0
DA:14,0
DA:15,0
DA:16,0
DA:17,0
DA:19,0
DA:20,0
DA:21,0
DA:22,0
DA:23,0
DA:25,0
DA:26,0
DA:27,0
DA:28,0
DA:29,0
DA:30,0
DA:31,0
DA:32,0
DA:33,0
DA:35,0
DA:36,0
DA:37,0
DA:38,0
DA:39,0
DA:40,0
DA:41,0
DA:42,0
DA:43,0
DA:45,0
DA:46,0
DA:47,0
DA:48,0
DA:49,0
DA:51,0
DA:52,0
DA:54,0
DA:55,0
DA:56,0
DA:57,0
DA:58,0
DA:60,0
DA:61,0
DA:62,0
DA:63,0
DA:64,0
DA:66,0
DA:67,0
DA:68,0
DA:69,0
DA:71,0
DA:72,0
DA:73,0
DA:74,0
DA:76,0
DA:77,0
DA:78,0
DA:80,0
DA:81,0
DA:82,0
DA:83,0
DA:84,0
DA:86,0
DA:87,0
DA:88,0
DA:89,0
DA:90,0
DA:93,0
DA:94,0
DA:95,0
DA:96,0
DA:97,0
DA:98,0
DA:99,0
DA:100,0
DA:101,0
DA:102,0
DA:103,0
DA:104,0
DA:105,0
DA:106,0
DA:107,0
DA:108,0
DA:109,0
DA:110,0
DA:111,0
DA:112,0
DA:113,0
DA:114,0
DA:115,0
DA:116,0
DA:117,0
DA:118,0
DA:119,0
DA:120,0
DA:121,0
DA:122,0
DA:123,0
DA:124,0
DA:125,0
DA:126,0
DA:127,0
DA:128,0
DA:129,0
DA:130,0
DA:131,0
DA:132,0
DA:133,0
DA:134,0
DA:135,0
DA:136,0
DA:137,0
DA:138,0
DA:139,0
DA:140,0
DA:141,0
DA:142,0
DA:143,0
DA:144,0
DA:145,0
DA:146,0
DA:147,0
DA:148,0
DA:149,0
DA:150,0
DA:151,0
DA:152,0
DA:153,0
DA:154,0
DA:155,0
DA:156,0
DA:157,0
DA:158,0
DA:159,0
DA:160,0
DA:161,0
DA:162,0
DA:163,0
DA:164,0
DA:165,0
DA:166,0
DA:167,0
DA:168,0
LF:153
LH:0
BRDA:90,0,0,0
BRDA:90,0,1,0
BRDA:90,1,0,0
BRDA:90,1,1,0
BRF:4
BRH:0
end_of_record
TN:
SF:/Users/magdiel/localhost/animate-css-styled-components/src/Attention/Flash.js
FN:2,_interopRequireDefault
FN:2,_taggedTemplateLiteral
FNF:2
FNH:0
FNDA:0,_interopRequireDefault
FNDA:0,_taggedTemplateLiteral
DA:1,0
DA:2,0
DA:4,0
DA:14,0
DA:15,0
LF:5
LH:0
BRDA:2,0,0,0
BRDA:2,0,1,0
BRDA:2,1,0,0
BRDA:2,1,1,0
BRF:4
BRH:0
end_of_record
TN:
SF:/Users/magdiel/localhost/animate-css-styled-components/src/Attention/HeadShake.js
FN:2,_interopRequireDefault
FN:2,_taggedTemplateLiteral
FNF:2
FNH:0
FNDA:0,_interopRequireDefault
FNDA:0,_taggedTemplateLiteral
DA:1,0
DA:2,0
DA:4,0
DA:30,0
DA:31,0
LF:5
LH:0
BRDA:2,0,0,0
BRDA:2,0,1,0
BRDA:2,1,0,0
BRDA:2,1,1,0
BRF:4
BRH:0
end_of_record
TN:
SF:/Users/magdiel/localhost/animate-css-styled-components/src/Attention/Jello.js
FN:2,_interopRequireDefault
FN:2,_taggedTemplateLiteral
FNF:2
FNH:0
FNDA:0,_interopRequireDefault
FNDA:0,_taggedTemplateLiteral
DA:1,0
DA:2,0
DA:4,0
DA:38,0
DA:39,0
LF:5
LH:0
BRDA:2,0,0,0
BRDA:2,0,1,0
BRDA:2,1,0,0
BRDA:2,1,1,0
BRF:4
BRH:0
end_of_record
TN:
SF:/Users/magdiel/localhost/animate-css-styled-components/src/Attention/Pulse.js
FN:2,_interopRequireDefault
FN:2,_taggedTemplateLiteral
FNF:2
FNH:0
FNDA:0,_interopRequireDefault
FNDA:0,_taggedTemplateLiteral
DA:1,0
DA:2,0
DA:4,0
DA:18,0
DA:19,0
LF:5
LH:0
BRDA:2,0,0,0
BRDA:2,0,1,0
BRDA:2,1,0,0
BRDA:2,1,1,0
BRF:4
BRH:0
end_of_record
TN:
SF:/Users/magdiel/localhost/animate-css-styled-components/src/Attention/RubberBand.js
FN:2,_interopRequireDefault
FN:2,_taggedTemplateLiteral
FNF:2
FNH:0
FNDA:0,_interopRequireDefault
FNDA:0,_taggedTemplateLiteral
DA:1,0
DA:2,0
DA:4,0
DA:34,0
DA:35,0
LF:5
LH:0
BRDA:2,0,0,0
BRDA:2,0,1,0
BRDA:2,1,0,0
BRDA:2,1,1,0
BRF:4
BRH:0
end_of_record
TN:
SF:/Users/magdiel/localhost/animate-css-styled-components/src/Attention/Shake.js
FN:2,_interopRequireDefault
FN:2,_taggedTemplateLiteral
FNF:2
FNH:0
FNDA:0,_interopRequireDefault
FNDA:0,_taggedTemplateLiteral
DA:1,0
DA:2,0
DA:4,0
DA:18,0
DA:19,0
LF:5
LH:0
BRDA:2,0,0,0
BRDA:2,0,1,0
BRDA:2,1,0,0
BRDA:2,1,1,0
BRF:4
BRH:0
end_of_record
TN:
SF:/Users/magdiel/localhost/animate-css-styled-components/src/Attention/Swing.js
FN:2,_interopRequireDefault
FN:2,_taggedTemplateLiteral
FNF:2
FNH:0
FNDA:0,_interopRequireDefault
FNDA:0,_taggedTemplateLiteral
DA:1,0
DA:2,0
DA:4,0
DA:26,0
DA:27,0
LF:5
LH:0
BRDA:2,0,0,0
BRDA:2,0,1,0
BRDA:2,1,0,0
BRDA:2,1,1,0
BRF:4
BRH:0
end_of_record
TN:
SF:/Users/magdiel/localhost/animate-css-styled-components/src/Attention/Tada.js
FN:2,_interopRequireDefault
FN:2,_taggedTemplateLiteral
FNF:2
FNH:0
FNDA:0,_interopRequireDefault
FNDA:0,_taggedTemplateLiteral
DA:1,0
DA:2,0
DA:4,0
DA:26,0
DA:27,0
LF:5
LH:0
BRDA:2,0,0,0
BRDA:2,0,1,0
BRDA:2,1,0,0
BRDA:2,1,1,0
BRF:4
BRH:0
end_of_record
TN:
SF:/Users/magdiel/localhost/animate-css-styled-components/src/Attention/Wobble.js
FN:2,_interopRequireDefault
FN:2,_taggedTemplateLiteral
FNF:2
FNH:0
FNDA:0,_interopRequireDefault
FNDA:0,_taggedTemplateLiteral
DA:1,0
DA:2,0
DA:4,0
DA:34,0
DA:35,0
LF:5
LH:0
BRDA:2,0,0,0
BRDA:2,0,1,0
BRDA:2,1,0,0
BRDA:2,1,1,0
BRF:4
BRH:0
end_of_record
TN:
SF:/Users/magdiel/localhost/animate-css-styled-components/src/Bounce/In.js
FN:2,_interopRequireDefault
FN:2,_taggedTemplateLiteral
FNF:2
FNH:0
FNDA:0,_interopRequireDefault
FNDA:0,_taggedTemplateLiteral
DA:1,0
DA:2,0
DA:4,0
DA:37,0
DA:38,0
LF:5
LH:0
BRDA:2,0,0,0
BRDA:2,0,1,0
BRDA:2,1,0,0
BRDA:2,1,1,0
BRF:4
BRH:0
end_of_record
TN:
SF:/Users/magdiel/localhost/animate-css-styled-components/src/Bounce/InDown.js
FN:2,_interopRequireDefault
FN:2,_taggedTemplateLiteral
FNF:2
FNH:0
FNDA:0,_interopRequireDefault
FNDA:0,_taggedTemplateLiteral
DA:1,0
DA:2,0
DA:4,0
DA:32,0
DA:33,0
LF:5
LH:0
BRDA:2,0,0,0
BRDA:2,0,1,0
BRDA:2,1,0,0
BRDA:2,1,1,0
BRF:4
BRH:0
end_of_record
TN:
SF:/Users/magdiel/localhost/animate-css-styled-components/src/Bounce/InLeft.js
FN:2,_interopRequireDefault
FN:2,_taggedTemplateLiteral
FNF:2
FNH:0
FNDA:0,_interopRequireDefault
FNDA:0,_taggedTemplateLiteral
DA:1,0
DA:2,0
DA:4,0
DA:32,0
DA:33,0
LF:5
LH:0
BRDA:2,0,0,0
BRDA:2,0,1,0
BRDA:2,1,0,0
BRDA:2,1,1,0
BRF:4
BRH:0
end_of_record
TN:
SF:/Users/magdiel/localhost/animate-css-styled-components/src/Bounce/InRight.js
FN:2,_interopRequireDefault
FN:2,_taggedTemplateLiteral
FNF:2
FNH:0
FNDA:0,_interopRequireDefault
FNDA:0,_taggedTemplateLiteral
DA:1,0
DA:2,0
DA:4,0
DA:32,0
DA:33,0
LF:5
LH:0
BRDA:2,0,0,0
BRDA:2,0,1,0
BRDA:2,1,0,0
BRDA:2,1,1,0
BRF:4
BRH:0
end_of_record
TN:
SF:/Users/magdiel/localhost/animate-css-styled-components/src/Bounce/InUp.js
FN:2,_interopRequireDefault
FN:2,_taggedTemplateLiteral
FNF:2
FNH:0
FNDA:0,_interopRequireDefault
FNDA:0,_taggedTemplateLiteral
DA:1,0
DA:2,0
DA:4,0
DA:32,0
DA:33,0
LF:5
LH:0
BRDA:2,0,0,0
BRDA:2,0,1,0
BRDA:2,1,0,0
BRDA:2,1,1,0
BRF:4
BRH:0
end_of_record
TN:
SF:/Users/magdiel/localhost/animate-css-styled-components/src/Bounce/Out.js
FN:2,_interopRequireDefault
FN:2,_taggedTemplateLiteral
FNF:2
FNH:0
FNDA:0,_interopRequireDefault
FNDA:0,_taggedTemplateLiteral
DA:1,0
DA:2,0
DA:4,0
DA:20,0
DA:21,0
LF:5
LH:0
BRDA:2,0,0,0
BRDA:2,0,1,0
BRDA:2,1,0,0
BRDA:2,1,1,0
BRF:4
BRH:0
end_of_record
TN:
SF:/Users/magdiel/localhost/animate-css-styled-components/src/Bounce/OutDown.js
FN:2,_interopRequireDefault
FN:2,_taggedTemplateLiteral
FNF:2
FNH:0
FNDA:0,_interopRequireDefault
FNDA:0,_taggedTemplateLiteral
DA:1,0
DA:2,0
DA:4,0
DA:20,0
DA:21,0
LF:5
LH:0
BRDA:2,0,0,0
BRDA:2,0,1,0
BRDA:2,1,0,0
BRDA:2,1,1,0
BRF:4
BRH:0
end_of_record
TN:
SF:/Users/magdiel/localhost/animate-css-styled-components/src/Bounce/OutLeft.js
FN:2,_interopRequireDefault
FN:2,_taggedTemplateLiteral
FNF:2
FNH:0
FNDA:0,_interopRequireDefault
FNDA:0,_taggedTemplateLiteral
DA:1,0
DA:2,0
DA:4,0
DA:16,0
DA:17,0
LF:5
LH:0
BRDA:2,0,0,0
BRDA:2,0,1,0
BRDA:2,1,0,0
BRDA:2,1,1,0
BRF:4
BRH:0
end_of_record
TN:
SF:/Users/magdiel/localhost/animate-css-styled-components/src/Bounce/OutRight.js
FN:2,_interopRequireDefault
FN:2,_taggedTemplateLiteral
FNF:2
FNH:0
FNDA:0,_interopRequireDefault
FNDA:0,_taggedTemplateLiteral
DA:1,0
DA:2,0
DA:4,0
DA:16,0
DA:17,0
LF:5
LH:0
BRDA:2,0,0,0
BRDA:2,0,1,0
BRDA:2,1,0,0
BRDA:2,1,1,0
BRF:4
BRH:0
end_of_record
TN:
SF:/Users/magdiel/localhost/animate-css-styled-components/src/Bounce/OutUp.js
FN:2,_interopRequireDefault
FN:2,_taggedTemplateLiteral
FNF:2
FNH:0
FNDA:0,_interopRequireDefault
FNDA:0,_taggedTemplateLiteral
DA:1,0
DA:2,0
DA:4,0
DA:20,0
DA:21,0
LF:5
LH:0
BRDA:2,0,0,0
BRDA:2,0,1,0
BRDA:2,1,0,0
BRDA:2,1,1,0
BRF:4
BRH:0
end_of_record
TN:
SF:/Users/magdiel/localhost/animate-css-styled-components/src/Bounce/index.js
FN:2,_interopRequireDefault
FN:2,_taggedTemplateLiteral
FNF:2
FNH:0
FNDA:0,_interopRequireDefault
FNDA:0,_taggedTemplateLiteral
DA:1,0
DA:2,0
DA:4,0
DA:25,0
DA:26,0
LF:5
LH:0
BRDA:2,0,0,0
BRDA:2,0,1,0
BRDA:2,1,0,0
BRDA:2,1,1,0
BRF:4
BRH:0
end_of_record
TN:
SF:/Users/magdiel/localhost/animate-css-styled-components/src/Especials/Hinge.js
FN:2,_interopRequireDefault
FN:2,_taggedTemplateLiteral
FNF:2
FNH:0
FNDA:0,_interopRequireDefault
FNDA:0,_taggedTemplateLiteral
DA:1,0
DA:2,0
DA:4,0
DA:29,0
DA:30,0
LF:5
LH:0
BRDA:2,0,0,0
BRDA:2,0,1,0
BRDA:2,1,0,0
BRDA:2,1,1,0
BRF:4
BRH:0
end_of_record
TN:
SF:/Users/magdiel/localhost/animate-css-styled-components/src/Especials/RollIn.js
FN:2,_interopRequireDefault
FN:2,_taggedTemplateLiteral
FNF:2
FNH:0
FNDA:0,_interopRequireDefault
FNDA:0,_taggedTemplateLiteral
DA:1,0
DA:2,0
DA:4,0
DA:16,0
DA:17,0
LF:5
LH:0
BRDA:2,0,0,0
BRDA:2,0,1,0
BRDA:2,1,0,0
BRDA:2,1,1,0
BRF:4
BRH:0
end_of_record
TN:
SF:/Users/magdiel/localhost/animate-css-styled-components/src/Especials/RollOut.js
FN:2,_interopRequireDefault
FN:2,_taggedTemplateLiteral
FNF:2
FNH:0
FNDA:0,_interopRequireDefault
FNDA:0,_taggedTemplateLiteral
DA:1,0
DA:2,0
DA:4,0
DA:15,0
DA:16,0
LF:5
LH:0
BRDA:2,0,0,0
BRDA:2,0,1,0
BRDA:2,1,0,0
BRDA:2,1,1,0
BRF:4
BRH:0
end_of_record
TN:
SF:/Users/magdiel/localhost/animate-css-styled-components/src/Fade/In.js
FN:2,_interopRequireDefault
FN:2,_taggedTemplateLiteral
FNF:2
FNH:0
FNDA:0,_interopRequireDefault
FNDA:0,_taggedTemplateLiteral
DA:1,0
DA:2,0
DA:4,0
DA:14,0
DA:15,0
LF:5
LH:0
BRDA:2,0,0,0
BRDA:2,0,1,0
BRDA:2,1,0,0
BRDA:2,1,1,0
BRF:4
BRH:0
end_of_record
TN:
SF:/Users/magdiel/localhost/animate-css-styled-components/src/Fade/InDown.js
FN:2,_interopRequireDefault
FN:2,_taggedTemplateLiteral
FNF:2
FNH:0
FNDA:0,_interopRequireDefault
FNDA:0,_taggedTemplateLiteral
DA:1,0
DA:2,0
DA:4,0
DA:16,0
DA:17,0
LF:5
LH:0
BRDA:2,0,0,0
BRDA:2,0,1,0
BRDA:2,1,0,0
BRDA:2,1,1,0
BRF:4
BRH:0
end_of_record
TN:
SF:/Users/magdiel/localhost/animate-css-styled-components/src/Fade/InDownBig.js
FN:2,_interopRequireDefault
FN:2,_taggedTemplateLiteral
FNF:2
FNH:0
FNDA:0,_interopRequireDefault
FNDA:0,_taggedTemplateLiteral
DA:1,0
DA:2,0
DA:4,0
DA:16,0
DA:17,0
LF:5
LH:0
BRDA:2,0,0,0
BRDA:2,0,1,0
BRDA:2,1,0,0
BRDA:2,1,1,0
BRF:4
BRH:0
end_of_record
TN:
SF:/Users/magdiel/localhost/animate-css-styled-components/src/Fade/InLeft.js
FN:2,_interopRequireDefault
FN:2,_taggedTemplateLiteral
FNF:2
FNH:0
FNDA:0,_interopRequireDefault
FNDA:0,_taggedTemplateLiteral
DA:1,0
DA:2,0
DA:4,0
DA:16,0
DA:17,0
LF:5
LH:0
BRDA:2,0,0,0
BRDA:2,0,1,0
BRDA:2,1,0,0
BRDA:2,1,1,0
BRF:4
BRH:0
end_of_record
TN:
SF:/Users/magdiel/localhost/animate-css-styled-components/src/Fade/InLeftBig.js
FN:2,_interopRequireDefault
FN:2,_taggedTemplateLiteral
FNF:2
FNH:0
FNDA:0,_interopRequireDefault
FNDA:0,_taggedTemplateLiteral
DA:1,0
DA:2,0
DA:4,0
DA:16,0
DA:17,0
LF:5
LH:0
BRDA:2,0,0,0
BRDA:2,0,1,0
BRDA:2,1,0,0
BRDA:2,1,1,0
BRF:4
BRH:0
end_of_record
TN:
SF:/Users/magdiel/localhost/animate-css-styled-components/src/Fade/InRight.js
FN:2,_interopRequireDefault
FN:2,_taggedTemplateLiteral
FNF:2
FNH:0
FNDA:0,_interopRequireDefault
FNDA:0,_taggedTemplateLiteral
DA:1,0
DA:2,0
DA:4,0
DA:16,0
DA:17,0
LF:5
LH:0
BRDA:2,0,0,0
BRDA:2,0,1,0
BRDA:2,1,0,0
BRDA:2,1,1,0
BRF:4
BRH:0
end_of_record
TN:
SF:/Users/magdiel/localhost/animate-css-styled-components/src/Fade/InRightBig.js
FN:2,_interopRequireDefault
FN:2,_taggedTemplateLiteral
FNF:2
FNH:0
FNDA:0,_interopRequireDefault
FNDA:0,_taggedTemplateLiteral
DA:1,0
DA:2,0
DA:4,0
DA:16,0
DA:17,0
LF:5
LH:0
BRDA:2,0,0,0
BRDA:2,0,1,0
BRDA:2,1,0,0
BRDA:2,1,1,0
BRF:4
BRH:0
end_of_record
TN:
SF:/Users/magdiel/localhost/animate-css-styled-components/src/Fade/InUp.js
FN:2,_interopRequireDefault
FN:2,_taggedTemplateLiteral
FNF:2
FNH:0
FNDA:0,_interopRequireDefault
FNDA:0,_taggedTemplateLiteral
DA:1,0
DA:2,0
DA:4,0
DA:16,0
DA:17,0
LF:5
LH:0
BRDA:2,0,0,0
BRDA:2,0,1,0
BRDA:2,1,0,0
BRDA:2,1,1,0
BRF:4
BRH:0
end_of_record
TN:
SF:/Users/magdiel/localhost/animate-css-styled-components/src/Fade/InUpBig.js
FN:2,_interopRequireDefault
FN:2,_taggedTemplateLiteral
FNF:2
FNH:0
FNDA:0,_interopRequireDefault
FNDA:0,_taggedTemplateLiteral
DA:1,0
DA:2,0
DA:4,0
DA:16,0
DA:17,0
LF:5
LH:0
BRDA:2,0,0,0
BRDA:2,0,1,0
BRDA:2,1,0,0
BRDA:2,1,1,0
BRF:4
BRH:0
end_of_record
TN:
SF:/Users/magdiel/localhost/animate-css-styled-components/src/Fade/Out.js
FN:2,_interopRequireDefault
FN:2,_taggedTemplateLiteral
FNF:2
FNH:0
FNDA:0,_interopRequireDefault
FNDA:0,_taggedTemplateLiteral
DA:1,0
DA:2,0
DA:4,0
DA:14,0
DA:15,0
LF:5
LH:0
BRDA:2,0,0,0
BRDA:2,0,1,0
BRDA:2,1,0,0
BRDA:2,1,1,0
BRF:4
BRH:0
end_of_record
TN:
SF:/Users/magdiel/localhost/animate-css-styled-components/src/Fade/OutDown.js
FN:2,_interopRequireDefault
FN:2,_taggedTemplateLiteral
FNF:2
FNH:0
FNDA:0,_interopRequireDefault
FNDA:0,_taggedTemplateLiteral
DA:1,0
DA:2,0
DA:4,0
DA:15,0
DA:16,0
LF:5
LH:0
BRDA:2,0,0,0
BRDA:2,0,1,0
BRDA:2,1,0,0
BRDA:2,1,1,0
BRF:4
BRH:0
end_of_record
TN:
SF:/Users/magdiel/localhost/animate-css-styled-components/src/Fade/OutDownBig.js
FN:2,_interopRequireDefault
FN:2,_taggedTemplateLiteral
FNF:2
FNH:0
FNDA:0,_interopRequireDefault
FNDA:0,_taggedTemplateLiteral
DA:1,0
DA:2,0
DA:4,0
DA:15,0
DA:16,0
LF:5
LH:0
BRDA:2,0,0,0
BRDA:2,0,1,0
BRDA:2,1,0,0
BRDA:2,1,1,0
BRF:4
BRH:0
end_of_record
TN:
SF:/Users/magdiel/localhost/animate-css-styled-components/src/Fade/OutLeft.js
FN:2,_interopRequireDefault
FN:2,_taggedTemplateLiteral
FNF:2
FNH:0
FNDA:0,_interopRequireDefault
FNDA:0,_taggedTemplateLiteral
DA:1,0
DA:2,0
DA:4,0
DA:15,0
DA:16,0
LF:5
LH:0
BRDA:2,0,0,0
BRDA:2,0,1,0
BRDA:2,1,0,0
BRDA:2,1,1,0
BRF:4
BRH:0
end_of_record
TN:
SF:/Users/magdiel/localhost/animate-css-styled-components/src/Fade/OutLeftBig.js
FN:2,_interopRequireDefault
FN:2,_taggedTemplateLiteral
FNF:2
FNH:0
FNDA:0,_interopRequireDefault
FNDA:0,_taggedTemplateLiteral
DA:1,0
DA:2,0
DA:4,0
DA:15,0
DA:16,0
LF:5
LH:0
BRDA:2,0,0,0
BRDA:2,0,1,0
BRDA:2,1,0,0
BRDA:2,1,1,0
BRF:4
BRH:0
end_of_record
TN:
SF:/Users/magdiel/localhost/animate-css-styled-components/src/Fade/OutRight.js
FN:2,_interopRequireDefault
FN:2,_taggedTemplateLiteral
FNF:2
FNH:0
FNDA:0,_interopRequireDefault
FNDA:0,_taggedTemplateLiteral
DA:1,0
DA:2,0
DA:4,0
DA:15,0
DA:16,0
LF:5
LH:0
BRDA:2,0,0,0
BRDA:2,0,1,0
BRDA:2,1,0,0
BRDA:2,1,1,0
BRF:4
BRH:0
end_of_record
TN:
SF:/Users/magdiel/localhost/animate-css-styled-components/src/Fade/OutRightBig.js
FN:2,_interopRequireDefault
FN:2,_taggedTemplateLiteral
FNF:2
FNH:0
FNDA:0,_interopRequireDefault
FNDA:0,_taggedTemplateLiteral
DA:1,0
DA:2,0
DA:4,0
DA:15,0
DA:16,0
LF:5
LH:0
BRDA:2,0,0,0
BRDA:2,0,1,0
BRDA:2,1,0,0
BRDA:2,1,1,0
BRF:4
BRH:0
end_of_record
TN:
SF:/Users/magdiel/localhost/animate-css-styled-components/src/Fade/OutUp.js
FN:2,_interopRequireDefault
FN:2,_taggedTemplateLiteral
FNF:2
FNH:0
FNDA:0,_interopRequireDefault
FNDA:0,_taggedTemplateLiteral
DA:1,0
DA:2,0
DA:4,0
DA:15,0
DA:16,0
LF:5
LH:0
BRDA:2,0,0,0
BRDA:2,0,1,0
BRDA:2,1,0,0
BRDA:2,1,1,0
BRF:4
BRH:0
end_of_record
TN:
SF:/Users/magdiel/localhost/animate-css-styled-components/src/Fade/OutUpBig.js
FN:2,_interopRequireDefault
FN:2,_taggedTemplateLiteral
FNF:2
FNH:0
FNDA:0,_interopRequireDefault
FNDA:0,_taggedTemplateLiteral
DA:1,0
DA:2,0
DA:4,0
DA:15,0
DA:16,0
LF:5
LH:0
BRDA:2,0,0,0
BRDA:2,0,1,0
BRDA:2,1,0,0
BRDA:2,1,1,0
BRF:4
BRH:0
end_of_record
TN:
SF:/Users/magdiel/localhost/animate-css-styled-components/src/Flip/InX.js
FN:2,_interopRequireDefault
FN:2,_taggedTemplateLiteral
FNF:2
FNH:0
FNDA:0,_interopRequireDefault
FNDA:0,_taggedTemplateLiteral
DA:1,0
DA:2,0
DA:4,0
DA:30,0
DA:31,0
LF:5
LH:0
BRDA:2,0,0,0
BRDA:2,0,1,0
BRDA:2,1,0,0
BRDA:2,1,1,0
BRF:4
BRH:0
end_of_record
TN:
SF:/Users/magdiel/localhost/animate-css-styled-components/src/Flip/InY.js
FN:2,_interopRequireDefault
FN:2,_taggedTemplateLiteral
FNF:2
FNH:0
FNDA:0,_interopRequireDefault
FNDA:0,_taggedTemplateLiteral
DA:1,0
DA:2,0
DA:4,0
DA:30,0
DA:31,0
LF:5
LH:0
BRDA:2,0,0,0
BRDA:2,0,1,0
BRDA:2,1,0,0
BRDA:2,1,1,0
BRF:4
BRH:0
end_of_record
TN:
SF:/Users/magdiel/localhost/animate-css-styled-components/src/Flip/OutX.js
FN:2,_interopRequireDefault
FN:2,_taggedTemplateLiteral
FNF:2
FNH:0
FNDA:0,_interopRequireDefault
FNDA:0,_taggedTemplateLiteral
DA:1,0
DA:2,0
DA:4,0
DA:20,0
DA:21,0
LF:5
LH:0
BRDA:2,0,0,0
BRDA:2,0,1,0
BRDA:2,1,0,0
BRDA:2,1,1,0
BRF:4
BRH:0
end_of_record
TN:
SF:/Users/magdiel/localhost/animate-css-styled-components/src/Flip/OutY.js
FN:2,_interopRequireDefault
FN:2,_taggedTemplateLiteral
FNF:2
FNH:0
FNDA:0,_interopRequireDefault
FNDA:0,_taggedTemplateLiteral
DA:1,0
DA:2,0
DA:4,0
DA:20,0
DA:21,0
LF:5
LH:0
BRDA:2,0,0,0
BRDA:2,0,1,0
BRDA:2,1,0,0
BRDA:2,1,1,0
BRF:4
BRH:0
end_of_record
TN:
SF:/Users/magdiel/localhost/animate-css-styled-components/src/Flip/index.js
FN:2,_interopRequireDefault
FN:2,_taggedTemplateLiteral
FNF:2
FNH:0
FNDA:0,_interopRequireDefault
FNDA:0,_taggedTemplateLiteral
DA:1,0
DA:2,0
DA:4,0
DA:31,0
DA:32,0
LF:5
LH:0
BRDA:2,0,0,0
BRDA:2,0,1,0
BRDA:2,1,0,0
BRDA:2,1,1,0
BRF:4
BRH:0
end_of_record
TN:
SF:/Users/magdiel/localhost/animate-css-styled-components/src/LightSpeed/In.js
FN:2,_interopRequireDefault
FN:2,_taggedTemplateLiteral
FNF:2
FNH:0
FNDA:0,_interopRequireDefault
FNDA:0,_taggedTemplateLiteral
DA:1,0
DA:2,0
DA:4,0
DA:26,0
DA:27,0
LF:5
LH:0
BRDA:2,0,0,0
BRDA:2,0,1,0
BRDA:2,1,0,0
BRDA:2,1,1,0
BRF:4
BRH:0
end_of_record
TN:
SF:/Users/magdiel/localhost/animate-css-styled-components/src/LightSpeed/Out.js
FN:2,_interopRequireDefault
FN:2,_taggedTemplateLiteral
FNF:2
FNH:0
FNDA:0,_interopRequireDefault
FNDA:0,_taggedTemplateLiteral
DA:1,0
DA:2,0
DA:4,0
DA:15,0
DA:16,0
LF:5
LH:0
BRDA:2,0,0,0
BRDA:2,0,1,0
BRDA:2,1,0,0
BRDA:2,1,1,0
BRF:4
BRH:0
end_of_record
TN:
SF:/Users/magdiel/localhost/animate-css-styled-components/src/Rotate/In.js
FN:2,_interopRequireDefault
FN:2,_taggedTemplateLiteral
FNF:2
FNH:0
FNDA:0,_interopRequireDefault
FNDA:0,_taggedTemplateLiteral
DA:1,0
DA:2,0
DA:4,0
DA:18,0
DA:19,0
LF:5
LH:0
BRDA:2,0,0,0
BRDA:2,0,1,0
BRDA:2,1,0,0
BRDA:2,1,1,0
BRF:4
BRH:0
end_of_record
TN:
SF:/Users/magdiel/localhost/animate-css-styled-components/src/Rotate/InDownLeft.js
FN:2,_interopRequireDefault
FN:2,_taggedTemplateLiteral
FNF:2
FNH:0
FNDA:0,_interopRequireDefault
FNDA:0,_taggedTemplateLiteral
DA:1,0
DA:2,0
DA:4,0
DA:18,0
DA:19,0
LF:5
LH:0
BRDA:2,0,0,0
BRDA:2,0,1,0
BRDA:2,1,0,0
BRDA:2,1,1,0
BRF:4
BRH:0
end_of_record
TN:
SF:/Users/magdiel/localhost/animate-css-styled-components/src/Rotate/InDownRight.js
FN:2,_interopRequireDefault
FN:2,_taggedTemplateLiteral
FNF:2
FNH:0
FNDA:0,_interopRequireDefault
FNDA:0,_taggedTemplateLiteral
DA:1,0
DA:2,0
DA:4,0
DA:18,0
DA:19,0
LF:5
LH:0
BRDA:2,0,0,0
BRDA:2,0,1,0
BRDA:2,1,0,0
BRDA:2,1,1,0
BRF:4
BRH:0
end_of_record
TN:
SF:/Users/magdiel/localhost/animate-css-styled-components/src/Rotate/InUpLeft.js
FN:2,_interopRequireDefault
FN:2,_taggedTemplateLiteral
FNF:2
FNH:0
FNDA:0,_interopRequireDefault
FNDA:0,_taggedTemplateLiteral
DA:1,0
DA:2,0
DA:4,0
DA:18,0
DA:19,0
LF:5
LH:0
BRDA:2,0,0,0
BRDA:2,0,1,0
BRDA:2,1,0,0
BRDA:2,1,1,0
BRF:4
BRH:0
end_of_record
TN:
SF:/Users/magdiel/localhost/animate-css-styled-components/src/Rotate/InUpRight.js
FN:2,_interopRequireDefault
FN:2,_taggedTemplateLiteral
FNF:2
FNH:0
FNDA:0,_interopRequireDefault
FNDA:0,_taggedTemplateLiteral
DA:1,0
DA:2,0
DA:4,0
DA:18,0
DA:19,0
LF:5
LH:0
BRDA:2,0,0,0
BRDA:2,0,1,0
BRDA:2,1,0,0
BRDA:2,1,1,0
BRF:4
BRH:0
end_of_record
TN:
SF:/Users/magdiel/localhost/animate-css-styled-components/src/Rotate/Out.js
FN:2,_interopRequireDefault
FN:2,_taggedTemplateLiteral
FNF:2
FNH:0
FNDA:0,_interopRequireDefault
FNDA:0,_taggedTemplateLiteral
DA:1,0
DA:2,0
DA:4,0
DA:17,0
DA:18,0
LF:5
LH:0
BRDA:2,0,0,0
BRDA:2,0,1,0
BRDA:2,1,0,0
BRDA:2,1,1,0
BRF:4
BRH:0
end_of_record
TN:
SF:/Users/magdiel/localhost/animate-css-styled-components/src/Rotate/OutDownLeft.js
FN:2,_interopRequireDefault
FN:2,_taggedTemplateLiteral
FNF:2
FNH:0
FNDA:0,_interopRequireDefault
FNDA:0,_taggedTemplateLiteral
DA:1,0
DA:2,0
DA:4,0
DA:17,0
DA:18,0
LF:5
LH:0
BRDA:2,0,0,0
BRDA:2,0,1,0
BRDA:2,1,0,0
BRDA:2,1,1,0
BRF:4
BRH:0
end_of_record
TN:
SF:/Users/magdiel/localhost/animate-css-styled-components/src/Rotate/OutDownRight.js
FN:2,_interopRequireDefault
FN:2,_taggedTemplateLiteral
FNF:2
FNH:0
FNDA:0,_interopRequireDefault
FNDA:0,_taggedTemplateLiteral
DA:1,0
DA:2,0
DA:4,0
DA:17,0
DA:18,0
LF:5
LH:0
BRDA:2,0,0,0
BRDA:2,0,1,0
BRDA:2,1,0,0
BRDA:2,1,1,0
BRF:4
BRH:0
end_of_record
TN:
SF:/Users/magdiel/localhost/animate-css-styled-components/src/Rotate/OutUpLeft.js
FN:2,_interopRequireDefault
FN:2,_taggedTemplateLiteral
FNF:2
FNH:0
FNDA:0,_interopRequireDefault
FNDA:0,_taggedTemplateLiteral
DA:1,0
DA:2,0
DA:4,0
DA:17,0
DA:18,0
LF:5
LH:0
BRDA:2,0,0,0
BRDA:2,0,1,0
BRDA:2,1,0,0
BRDA:2,1,1,0
BRF:4
BRH:0
end_of_record
TN:
SF:/Users/magdiel/localhost/animate-css-styled-components/src/Rotate/OutUpRight.js
FN:2,_interopRequireDefault
FN:2,_taggedTemplateLiteral
FNF:2
FNH:0
FNDA:0,_interopRequireDefault
FNDA:0,_taggedTemplateLiteral
DA:1,0
DA:2,0
DA:4,0
DA:17,0
DA:18,0
LF:5
LH:0
BRDA:2,0,0,0
BRDA:2,0,1,0
BRDA:2,1,0,0
BRDA:2,1,1,0
BRF:4
BRH:0
end_of_record
TN:
SF:/Users/magdiel/localhost/animate-css-styled-components/src/Slide/InDown.js
FN:2,_interopRequireDefault
FN:2,_taggedTemplateLiteral
FNF:2
FNH:0
FNDA:0,_interopRequireDefault
FNDA:0,_taggedTemplateLiteral
DA:1,0
DA:2,0
DA:4,0
DA:15,0
DA:16,0
LF:5
LH:0
BRDA:2,0,0,0
BRDA:2,0,1,0
BRDA:2,1,0,0
BRDA:2,1,1,0
BRF:4
BRH:0
end_of_record
TN:
SF:/Users/magdiel/localhost/animate-css-styled-components/src/Slide/InLeft.js
FN:2,_interopRequireDefault
FN:2,_taggedTemplateLiteral
FNF:2
FNH:0
FNDA:0,_interopRequireDefault
FNDA:0,_taggedTemplateLiteral
DA:1,0
DA:2,0
DA:4,0
DA:15,0
DA:16,0
LF:5
LH:0
BRDA:2,0,0,0
BRDA:2,0,1,0
BRDA:2,1,0,0
BRDA:2,1,1,0
BRF:4
BRH:0
end_of_record
TN:
SF:/Users/magdiel/localhost/animate-css-styled-components/src/Slide/InRight.js
FN:2,_interopRequireDefault
FN:2,_taggedTemplateLiteral
FNF:2
FNH:0
FNDA:0,_interopRequireDefault
FNDA:0,_taggedTemplateLiteral
DA:1,0
DA:2,0
DA:4,0
DA:15,0
DA:16,0
LF:5
LH:0
BRDA:2,0,0,0
BRDA:2,0,1,0
BRDA:2,1,0,0
BRDA:2,1,1,0
BRF:4
BRH:0
end_of_record
TN:
SF:/Users/magdiel/localhost/animate-css-styled-components/src/Slide/InUp.js
FN:2,_interopRequireDefault
FN:2,_taggedTemplateLiteral
FNF:2
FNH:0
FNDA:0,_interopRequireDefault
FNDA:0,_taggedTemplateLiteral
DA:1,0
DA:2,0
DA:4,0
DA:15,0
DA:16,0
LF:5
LH:0
BRDA:2,0,0,0
BRDA:2,0,1,0
BRDA:2,1,0,0
BRDA:2,1,1,0
BRF:4
BRH:0
end_of_record
TN:
SF:/Users/magdiel/localhost/animate-css-styled-components/src/Slide/OutDown.js
FN:2,_interopRequireDefault
FN:2,_taggedTemplateLiteral
FNF:2
FNH:0
FNDA:0,_interopRequireDefault
FNDA:0,_taggedTemplateLiteral
DA:1,0
DA:2,0
DA:4,0
DA:15,0
DA:16,0
LF:5
LH:0
BRDA:2,0,0,0
BRDA:2,0,1,0
BRDA:2,1,0,0
BRDA:2,1,1,0
BRF:4
BRH:0
end_of_record
TN:
SF:/Users/magdiel/localhost/animate-css-styled-components/src/Slide/OutLeft.js
FN:2,_interopRequireDefault
FN:2,_taggedTemplateLiteral
FNF:2
FNH:0
FNDA:0,_interopRequireDefault
FNDA:0,_taggedTemplateLiteral
DA:1,0
DA:2,0
DA:4,0
DA:15,0
DA:16,0
LF:5
LH:0
BRDA:2,0,0,0
BRDA:2,0,1,0
BRDA:2,1,0,0
BRDA:2,1,1,0
BRF:4
BRH:0
end_of_record
TN:
SF:/Users/magdiel/localhost/animate-css-styled-components/src/Slide/OutRight.js
FN:2,_interopRequireDefault
FN:2,_taggedTemplateLiteral
FNF:2
FNH:0
FNDA:0,_interopRequireDefault
FNDA:0,_taggedTemplateLiteral
DA:1,0
DA:2,0
DA:4,0
DA:15,0
DA:16,0
LF:5
LH:0
BRDA:2,0,0,0
BRDA:2,0,1,0
BRDA:2,1,0,0
BRDA:2,1,1,0
BRF:4
BRH:0
end_of_record
TN:
SF:/Users/magdiel/localhost/animate-css-styled-components/src/Slide/OutUp.js
FN:2,_interopRequireDefault
FN:2,_taggedTemplateLiteral
FNF:2
FNH:0
FNDA:0,_interopRequireDefault
FNDA:0,_taggedTemplateLiteral
DA:1,0
DA:2,0
DA:4,0
DA:15,0
DA:16,0
LF:5
LH:0
BRDA:2,0,0,0
BRDA:2,0,1,0
BRDA:2,1,0,0
BRDA:2,1,1,0
BRF:4
BRH:0
end_of_record
TN:
SF:/Users/magdiel/localhost/animate-css-styled-components/src/Zoom/In.js
FN:3,_interopRequireDefault
FN:3,_taggedTemplateLiteral
FNF:2
FNH:0
FNDA:0,_interopRequireDefault
FNDA:0,_taggedTemplateLiteral
DA:1,0
DA:2,0
DA:3,0
DA:5,0
DA:16,0
DA:17,0
LF:6
LH:0
BRDA:3,0,0,0
BRDA:3,0,1,0
BRDA:3,1,0,0
BRDA:3,1,1,0
BRF:4
BRH:0
end_of_record
TN:
SF:/Users/magdiel/localhost/animate-css-styled-components/src/Zoom/InDown.js
FN:3,_interopRequireDefault
FN:3,_taggedTemplateLiteral
FNF:2
FNH:0
FNDA:0,_interopRequireDefault
FNDA:0,_taggedTemplateLiteral
DA:1,0
DA:2,0
DA:3,0
DA:5,0
DA:19,0
DA:20,0
LF:6
LH:0
BRDA:3,0,0,0
BRDA:3,0,1,0
BRDA:3,1,0,0
BRDA:3,1,1,0
BRF:4
BRH:0
end_of_record
TN:
SF:/Users/magdiel/localhost/animate-css-styled-components/src/Zoom/InLeft.js
FN:3,_interopRequireDefault
FN:3,_taggedTemplateLiteral
FNF:2
FNH:0
FNDA:0,_interopRequireDefault
FNDA:0,_taggedTemplateLiteral
DA:1,0
DA:2,0
DA:3,0
DA:5,0
DA:19,0
DA:20,0
LF:6
LH:0
BRDA:3,0,0,0
BRDA:3,0,1,0
BRDA:3,1,0,0
BRDA:3,1,1,0
BRF:4
BRH:0
end_of_record
TN:
SF:/Users/magdiel/localhost/animate-css-styled-components/src/Zoom/InRight.js
FN:3,_interopRequireDefault
FN:3,_taggedTemplateLiteral
FNF:2
FNH:0
FNDA:0,_interopRequireDefault
FNDA:0,_taggedTemplateLiteral
DA:1,0
DA:2,0
DA:3,0
DA:5,0
DA:19,0
DA:20,0
LF:6
LH:0
BRDA:3,0,0,0
BRDA:3,0,1,0
BRDA:3,1,0,0
BRDA:3,1,1,0
BRF:4
BRH:0
end_of_record
TN:
SF:/Users/magdiel/localhost/animate-css-styled-components/src/Zoom/InUp.js
FN:3,_interopRequireDefault
FN:3,_taggedTemplateLiteral
FNF:2
FNH:0
FNDA:0,_interopRequireDefault
FNDA:0,_taggedTemplateLiteral
DA:1,0
DA:2,0
DA:3,0
DA:5,0
DA:19,0
DA:20,0
LF:6
LH:0
BRDA:3,0,0,0
BRDA:3,0,1,0
BRDA:3,1,0,0
BRDA:3,1,1,0
BRF:4
BRH:0
end_of_record
TN:
SF:/Users/magdiel/localhost/animate-css-styled-components/src/Zoom/Out.js
FN:3,_interopRequireDefault
FN:3,_taggedTemplateLiteral
FNF:2
FNH:0
FNDA:0,_interopRequireDefault
FNDA:0,_taggedTemplateLiteral
DA:1,0
DA:2,0
DA:3,0
DA:5,0
DA:20,0
DA:21,0
LF:6
LH:0
BRDA:3,0,0,0
BRDA:3,0,1,0
BRDA:3,1,0,0
BRDA:3,1,1,0
BRF:4
BRH:0
end_of_record
TN:
SF:/Users/magdiel/localhost/animate-css-styled-components/src/Zoom/OutDown.js
FN:3,_interopRequireDefault
FN:3,_taggedTemplateLiteral
FNF:2
FNH:0
FNDA:0,_interopRequireDefault
FNDA:0,_taggedTemplateLiteral
DA:1,0
DA:2,0
DA:3,0
DA:5,0
DA:20,0
DA:21,0
LF:6
LH:0
BRDA:3,0,0,0
BRDA:3,0,1,0
BRDA:3,1,0,0
BRDA:3,1,1,0
BRF:4
BRH:0
end_of_record
TN:
SF:/Users/magdiel/localhost/animate-css-styled-components/src/Zoom/OutLeft.js
FN:3,_interopRequireDefault
FN:3,_taggedTemplateLiteral
FNF:2
FNH:0
FNDA:0,_interopRequireDefault
FNDA:0,_taggedTemplateLiteral
DA:1,0
DA:2,0
DA:3,0
DA:5,0
DA:18,0
DA:19,0
LF:6
LH:0
BRDA:3,0,0,0
BRDA:3,0,1,0
BRDA:3,1,0,0
BRDA:3,1,1,0
BRF:4
BRH:0
end_of_record
TN:
SF:/Users/magdiel/localhost/animate-css-styled-components/src/Zoom/OutRight.js
FN:3,_interopRequireDefault
FN:3,_taggedTemplateLiteral
FNF:2
FNH:0
FNDA:0,_interopRequireDefault
FNDA:0,_taggedTemplateLiteral
DA:1,0
DA:2,0
DA:3,0
DA:5,0
DA:18,0
DA:19,0
LF:6
LH:0
BRDA:3,0,0,0
BRDA:3,0,1,0
BRDA:3,1,0,0
BRDA:3,1,1,0
BRF:4
BRH:0
end_of_record
TN:
SF:/Users/magdiel/localhost/animate-css-styled-components/src/Zoom/OutUp.js
FN:3,_interopRequireDefault
FN:3,_taggedTemplateLiteral
FNF:2
FNH:0
FNDA:0,_interopRequireDefault
FNDA:0,_taggedTemplateLiteral
DA:1,0
DA:2,0
DA:3,0
DA:5,0
DA:20,0
DA:21,0
LF:6
LH:0
BRDA:3,0,0,0
BRDA:3,0,1,0
BRDA:3,1,0,0
BRDA:3,1,1,0
BRF:4
BRH:0
end_of_record
